{"numTotalTestSuites":98,"numPassedTestSuites":86,"numFailedTestSuites":12,"numPendingTestSuites":0,"numTotalTests":173,"numPassedTests":162,"numFailedTests":11,"numPendingTests":0,"numTodoTests":0,"snapshot":{"added":0,"failure":false,"filesAdded":0,"filesRemoved":0,"filesRemovedList":[],"filesUnmatched":0,"filesUpdated":0,"matched":0,"total":0,"unchecked":0,"uncheckedKeysByFile":[],"unmatched":0,"updated":0,"didUpdate":false},"startTime":1774681888807,"success":false,"testResults":[{"assertionResults":[{"ancestorTitles":["Bug Condition Exploration Tests","1.1 Test duplicate fetch requests in Fan module"],"fullName":"Bug Condition Exploration Tests 1.1 Test duplicate fetch requests in Fan module should make duplicate requests for the same resources when HomeScreen and DiscoverScreen mount simultaneously","status":"passed","title":"should make duplicate requests for the same resources when HomeScreen and DiscoverScreen mount simultaneously","duration":295.5466000000006,"failureMessages":[],"meta":{}},{"ancestorTitles":["Bug Condition Exploration Tests","1.2 Test missing caching in Fan module"],"fullName":"Bug Condition Exploration Tests 1.2 Test missing caching in Fan module should re-fetch data instead of serving from cache when HomeScreen remounts within TTL","status":"failed","title":"should re-fetch data instead of serving from cache when HomeScreen remounts within TTL","duration":3070.4840999999997,"failureMessages":["AssertionError: expected +0 to be 1 // Object.is equality\n\nIgnored nodes: comments, script, style\n\u001b[36m<html>\u001b[39m\n  \u001b[36m<head />\u001b[39m\n  \u001b[36m<body>\u001b[39m\n    \u001b[36m<div>\u001b[39m\n      \u001b[36m<div\u001b[39m\n        \u001b[33mclass\u001b[39m=\u001b[32m\"page-container py-8 md:py-10 space-y-10 md:space-y-12\"\u001b[39m\n      \u001b[36m>\u001b[39m\n        \u001b[36m<section\u001b[39m\n          \u001b[33mclass\u001b[39m=\u001b[32m\"space-y-2\"\u001b[39m\n        \u001b[36m>\u001b[39m\n          \u001b[36m<p\u001b[39m\n            \u001b[33mclass\u001b[39m=\u001b[32m\"text-tag text-[var(--color-accent)]\"\u001b[39m\n          \u001b[36m>\u001b[39m\n            \u001b[0mNairobi Streets\u001b[0m\n          \u001b[36m</p>\u001b[39m\n          \u001b[36m<h1\u001b[39m\n            \u001b[33mclass\u001b[39m=\u001b[32m\"text-h1\"\u001b[39m\n          \u001b[36m>\u001b[39m\n            \u001b[0mPlan fast, catch faster\u001b[0m\n          \u001b[36m</h1>\u001b[39m\n          \u001b[36m<p\u001b[39m\n            \u001b[33mclass\u001b[39m=\u001b[32m\"text-body text-[var(--color-text-secondary)] max-w-2xl\"\u001b[39m\n          \u001b[36m>\u001b[39m\n            \u001b[0mChoose terminal route, pickup stage, and optionally your nganya. Everything below syncs to your selected route.\u001b[0m\n          \u001b[36m</p>\u001b[39m\n        \u001b[36m</section>\u001b[39m\n        \u001b[36m<section\u001b[39m\n          \u001b[33mclass\u001b[39m=\u001b[32m\"grid grid-cols-1 lg:grid-cols-12 gap-5 md:gap-6 items-start\"\u001b[39m\n        \u001b[36m>\u001b[39m\n          \u001b[36m<div\u001b[39m\n            \u001b[33mclass\u001b[39m=\u001b[32m\"lg:col-span-4 lg:sticky lg:top-[84px] space-y-3\"\u001b[39m\n          \u001b[36m>\u001b[39m\n            \u001b[36m<div\u001b[39m\n              \u001b[33mclass\u001b[39m=\u001b[32m\"bg-[var(--glass-bg)] border border-[var(--glass-border)] rounded-[var(--radius-xl)] p-4 md:p-6 shadow-sm\"\u001b[39m\n            \u001b[36m>\u001b[39m\n              \u001b[36m<div\u001b[39m\n                \u001b[33mclass\u001b[39m=\u001b[32m\"flex items-start justify-between gap-3 mb-4\"\u001b[39m\n              \u001b[36m>\u001b[39m\n                \u001b[36m<div>\u001b[39m\n                  \u001b[36m<h2\u001b[39m\n                    \u001b[33mclass\u001b[39m=\u001b[32m\"text-h3 flex items-center gap-2\"\u001b[39m\n                  \u001b[36m>\u001b[39m\n                    \u001b[36m<svg\u001b[39m\n                      \u001b[33maria-hidden\u001b[39m=\u001b[32m\"true\"\u001b[39m\n                      \u001b[33mclass\u001b[39m=\u001b[32m\"lucide lucide-navigation w-5 h-5 text-[var(--color-accent)]\"\u001b[39m\n                      \u001b[33mfill\u001b[39m=\u001b[32m\"none\"\u001b[39m\n                      \u001b[33mheight\u001b[39m=\u001b[32m\"24\"\u001b[39m\n                      \u001b[33mstroke\u001b[39m=\u001b[32m\"currentColor\"\u001b[39m\n                      \u001b[33mstroke-linecap\u001b[39m=\u001b[32m\"round\"\u001b[39m\n                      \u001b[33mstroke-linejoin\u001b[39m=\u001b[32m\"round\"\u001b[39m\n                      \u001b[33mstroke-width\u001b[39m=\u001b[32m\"2\"\u001b[39m\n                      \u001b[33mviewBox\u001b[39m=\u001b[32m\"0 0 24 24\"\u001b[39m\n                      \u001b[33mwidth\u001b[39m=\u001b[32m\"24\"\u001b[39m\n                      \u001b[33mxmlns\u001b[39m=\u001b[32m\"http://www.w3.org/2000/svg\"\u001b[39m\n                    \u001b[36m>\u001b[39m\n                      \u001b[36m<polygon\u001b[39m\n                        \u001b[33mpoints\u001b[39m=\u001b[32m\"3 11 22 2 13 21 11 13 3 11\"\u001b[39m\n                      \u001b[36m/>\u001b[39m\n                    \u001b[36m</svg>\u001b[39m\n                    \u001b[0mPlan your ride\u001b[0m\n                  \u001b[36m</h2>\u001b[39m\n                  \u001b[36m<p\u001b[39m\n                    \u001b[33mclass\u001b[39m=\u001b[32m\"text-xs text-[var(--color-text-tertiary)] mt-1\"\u001b[39m\n                  \u001b[36m>\u001b[39m\n                    \u001b[0mPick terminal route first, then pickup stage.\u001b[0m\n                  \u001b[36m</p>\u001b[39m\n                \u001b[36m</div>\u001b[39m\n              \u001b[36m</div>\u001b[39m\n              \u001b[36m<div\u001b[39m\n                \u001b[33mclass\u001b[39m=\u001b[32m\"space-y-4\"\u001b[39m\n              \u001b[36m>\u001b[39m\n                \u001b[36m<div\u001b[39m\n                  \u001b[33mclass\u001b[39m=\u001b[32m\"flex flex-col gap-3\"\u001b[39m\n                \u001b[36m>\u001b[39m\n                  \u001b[36m<button\u001b[39m\n                    \u001b[33mclass\u001b[39m=\u001b[32m\"w-full flex items-center justify-between p-3 rounded-[var(--radius-md)] bg-[var(--color-bg-body)] border border-[var(--color-line)] hover:border-[var(--color-accent-soft)] transition-colors text-left\"\u001b[39m\n                    \u001b[33mtype\u001b[39m=\u001b[32m\"button\"\u001b[39m\n                  \u001b[36m>\u001b[39m\n                    \u001b[36m<div\u001b[39m\n                      \u001b[33mclass\u001b[39m=\u001b[32m\"flex items-center gap-3 overflow-hidden\"\u001b[39m\n                    \u001b[36m>\u001b[39m\n                      \u001b[36m<div\u001b[39m\n                        \u001b[33mclass\u001b[39m=\u001b[32m\"w-2 h-2 rounded-full shrink-0 bg-[var(--color-accent)] ml-1 mr-1\"\u001b[39m\n                      \u001b[36m/>\u001b[39m\n                      \u001b[36m<span\u001b[39m\n                        \u001b[33mclass\u001b[39m=\u001b[32m\"truncate text-[var(--color-text-tertiary)]\"\u001b[39m\n                      \u001b[36m>\u001b[39m\n                        \u001b[0m1. Route / headed to\u001b[0m\n                      \u001b[36m</span>\u001b[39m\n                    \u001b[36m</div>\u001b[39m\n                    \u001b[36m<svg\u001b[39m\n                      \u001b[33maria-hidden\u001b[39m=\u001b[32m\"true\"\u001b[39m\n                      \u001b[33mclass\u001b[39m=\u001b[32m\"lucide lucide-chevron-down w-4 h-4 shrink-0 text-[var(--color-text-tertiary)]\"\u001b[39m\n                      \u001b[33mfill\u001b[39m=\u001b[32m\"none\"\u001b[39m\n                      \u001b[33mheight\u001b[39m=\u001b[32m\"24\"\u001b[39m\n                      \u001b[33mstroke\u001b[39m=\u001b[32m\"currentColor\"\u001b[39m\n                      \u001b[33mstroke-linecap\u001b[39m=\u001b[32m\"round\"\u001b[39m\n                      \u001b[33mstroke-linejoin\u001b[39m=\u001b[32m\"round\"\u001b[39m\n                      \u001b[33mstroke-width\u001b[39m=\u001b[32m\"2\"\u001b[39m\n                      \u001b[33mviewBox\u001b[39m=\u001b[32m\"0 0 24 24\"\u001b[39m\n                      \u001b[33mwidth\u001b[39m=\u001b[32m\"24\"\u001b[39m\n                      \u001b[33mxmlns\u001b[39m=\u001b[32m\"http://www.w3.org/2000/svg\"\u001b[39m\n                    \u001b[36m>\u001b[39m\n                      \u001b[36m<path\u001b[39m\n                        \u001b[33md\u001b[39m=\u001b[32m\"m6 9 6 6 6-6\"\u001b[39m\n                      \u001b[36m/>\u001b[39m\n                    \u001b[36m</svg>\u001b[39m\n                  \u001b[36m</button>\u001b[39m\n                  \u001b[36m<button\u001b[39m\n                    \u001b[33mclass\u001b[39m=\u001b[32m\"w-full flex items-center justify-between p-3 rounded-[var(--radius-md)] border transition-colors text-left bg-[var(--glass-bg)] border-[var(--color-line)] opacity-50 cursor-not-allowed\"\u001b[39m\n                    \u001b[33mdisabled\u001b[39m=\u001b[32m\"\"\u001b[39m\n                    \u001b[33mtype\u001b[39m=\u001b[32m\"button\"\u001b[39m\n                  \u001b[36m>\u001b[39m\n                    \u001b[36m<div\u001b[39m\n                      \u001b[33mclass\u001b[39m=\u001b[32m\"flex items-center gap-3 overflow-hidden\"\u001b[39m\n                    \u001b[36m>\u001b[39m\n                      \u001b[36m<svg\u001b[39m\n                        \u001b[33maria-hidden\u001b[39m=\u001b[32m\"true\"\u001b[39m\n                        \u001b[33mclass\u001b[39m=\u001b[32m\"lucide lucide-map-pin w-4 h-4 shrink-0 text-[var(--color-text-tertiary)]\"\u001b[39m\n                        \u001b[33mfill\u001b[39m=\u001b[32m\"none\"\u001b[39m\n                        \u001b[33mheight\u001b[39m=\u001b[32m\"24\"\u001b[39m\n                        \u001b[33mstroke\u001b[39m=\u001b[32m\"currentColor\"\u001b[39m\n                        \u001b[33mstroke-linecap\u001b[39m=\u001b[32m\"round\"\u001b[39m\n                        \u001b[33mstroke-linejoin\u001b[39m=\u001b[32m\"round\"\u001b[39m\n                        \u001b[33mstroke-width\u001b[39m=\u001b[32m\"2\"\u001b[39m\n                        \u001b[33mviewBox\u001b[39m=\u001b[32m\"0 0 24 24\"\u001b[39m\n                        \u001b[33mwidth\u001b[39m=\u001b[32m\"24\"\u001b[39m\n                        \u001b[33mxmlns\u001b[39m=\u001b[32m\"http://www.w3.org/2000/svg\"\u001b[39m\n                      \u001b[36m>\u001b[39m\n                        \u001b[36m<path\u001b[39m\n                          \u001b[33md\u001b[39m=\u001b[32m\"M20 10c0 4.993-5.539 10.193-7.399 11.799a1 1 0 0 1-1.202 0C9.539 20.193 4 14.993 4 10a8 8 0 0 1 16 0\"\u001b...\n    at timeout (D:\\Projects\\Personal\\Nganya Transit\\src\\__tests__\\bug-exploration.test.tsx:219:41)\n    at runWithExpensiveErrorDiagnosticsDisabled (D:\\Projects\\Personal\\Nganya Transit\\node_modules\\@testing-library\\dom\\dist\\config.js:47:12)\n    at checkCallback (D:\\Projects\\Personal\\Nganya Transit\\node_modules\\@testing-library\\dom\\dist\\wait-for.js:124:77)\n    at Timeout.checkRealTimersCallback (D:\\Projects\\Personal\\Nganya Transit\\node_modules\\@testing-library\\dom\\dist\\wait-for.js:118:16)\n    at listOnTimeout (node:internal/timers:588:17)\n    at processTimers (node:internal/timers:523:7)"],"meta":{}},{"ancestorTitles":["Bug Condition Exploration Tests","1.3 Test RBAC race conditions"],"fullName":"Bug Condition Exploration Tests 1.3 Test RBAC race conditions should call resolveClientRole() multiple times due to duplicate useEffect blocks","status":"failed","title":"should call resolveClientRole() multiple times due to duplicate useEffect blocks","duration":3035.1054999999997,"failureMessages":["AssertionError: expected 1 to be greater than 1\n\nIgnored nodes: comments, script, style\n\u001b[36m<html>\u001b[39m\n  \u001b[36m<head />\u001b[39m\n  \u001b[36m<body>\u001b[39m\n    \u001b[36m<div>\u001b[39m\n      \u001b[36m<div>\u001b[39m\n        \u001b[0mTest Content\u001b[0m\n      \u001b[36m</div>\u001b[39m\n    \u001b[36m</div>\u001b[39m\n  \u001b[36m</body>\u001b[39m\n\u001b[36m</html>\u001b[39m\n    at timeout (D:\\Projects\\Personal\\Nganya Transit\\src\\__tests__\\bug-exploration.test.tsx:295:46)\n    at runWithExpensiveErrorDiagnosticsDisabled (D:\\Projects\\Personal\\Nganya Transit\\node_modules\\@testing-library\\dom\\dist\\config.js:47:12)\n    at checkCallback (D:\\Projects\\Personal\\Nganya Transit\\node_modules\\@testing-library\\dom\\dist\\wait-for.js:124:77)\n    at Timeout.checkRealTimersCallback (D:\\Projects\\Personal\\Nganya Transit\\node_modules\\@testing-library\\dom\\dist\\wait-for.js:118:16)\n    at listOnTimeout (node:internal/timers:588:17)\n    at processTimers (node:internal/timers:523:7)"],"meta":{}},{"ancestorTitles":["Bug Condition Exploration Tests","1.4 Test schema validation missing in caching"],"fullName":"Bug Condition Exploration Tests 1.4 Test schema validation missing in caching should return invalid data or cause runtime errors when cache is corrupted","status":"passed","title":"should return invalid data or cause runtime errors when cache is corrupted","duration":1.3361000000004424,"failureMessages":[],"meta":{}},{"ancestorTitles":["Bug Condition Exploration Tests","1.5 Test waterfall loading in HomeScreen"],"fullName":"Bug Condition Exploration Tests 1.5 Test waterfall loading in HomeScreen should fetch data sequentially instead of in parallel","status":"failed","title":"should fetch data sequentially instead of in parallel","duration":5010.556999999999,"failureMessages":["Error: STACK_TRACE_ERROR\n    at task (file:///D:/Projects/Personal/Nganya%20Transit/node_modules/@vitest/runner/dist/chunk-hooks.js:638:27)\n    at Object.<anonymous> (file:///D:/Projects/Personal/Nganya%20Transit/node_modules/@vitest/runner/dist/chunk-hooks.js:662:16)\n    at Object.<anonymous> (file:///D:/Projects/Personal/Nganya%20Transit/node_modules/@vitest/runner/dist/chunk-hooks.js:458:28)\n    at chain (file:///D:/Projects/Personal/Nganya%20Transit/node_modules/@vitest/runner/dist/chunk-hooks.js:369:14)\n    at D:\\Projects\\Personal\\Nganya Transit\\src\\__tests__\\bug-exploration.test.tsx:357:5\n    at file:///D:/Projects/Personal/Nganya%20Transit/node_modules/@vitest/runner/dist/chunk-hooks.js:734:40\n    at runWithSuite (file:///D:/Projects/Personal/Nganya%20Transit/node_modules/@vitest/runner/dist/chunk-hooks.js:1849:8)\n    at Object.collect (file:///D:/Projects/Personal/Nganya%20Transit/node_modules/@vitest/runner/dist/chunk-hooks.js:734:10)\n    at Object.collect (file:///D:/Projects/Personal/Nganya%20Transit/node_modules/@vitest/runner/dist/chunk-hooks.js:738:54)\n    at processTicksAndRejections (node:internal/process/task_queues:105:5)\n    at Object.collect (file:///D:/Projects/Personal/Nganya%20Transit/node_modules/@vitest/runner/dist/chunk-hooks.js:738:46)\n    at collectTests (file:///D:/Projects/Personal/Nganya%20Transit/node_modules/@vitest/runner/dist/chunk-hooks.js:1179:25)\n    at startTests (file:///D:/Projects/Personal/Nganya%20Transit/node_modules/@vitest/runner/dist/chunk-hooks.js:1817:17)\n    at file:///D:/Projects/Personal/Nganya%20Transit/node_modules/vitest/dist/chunks/runBaseTests.9Ij9_de-.js:117:26\n    at withEnv (file:///D:/Projects/Personal/Nganya%20Transit/node_modules/vitest/dist/chunks/runBaseTests.9Ij9_de-.js:84:3)"],"meta":{}},{"ancestorTitles":["Bug Condition Exploration Tests","1.6 Test inconsistent state management in Admin module"],"fullName":"Bug Condition Exploration Tests 1.6 Test inconsistent state management in Admin module should observe React Query usage in admin screens vs manual patterns in fan screens","status":"failed","title":"should observe React Query usage in admin screens vs manual patterns in fan screens","duration":1.4601999999995314,"failureMessages":["AssertionError: expected true to be false // Object.is equality\n    at D:\\Projects\\Personal\\Nganya Transit\\src\\__tests__\\bug-exploration.test.tsx:453:69\n    at file:///D:/Projects/Personal/Nganya%20Transit/node_modules/@vitest/runner/dist/chunk-hooks.js:155:11\n    at file:///D:/Projects/Personal/Nganya%20Transit/node_modules/@vitest/runner/dist/chunk-hooks.js:752:26\n    at file:///D:/Projects/Personal/Nganya%20Transit/node_modules/@vitest/runner/dist/chunk-hooks.js:1897:20\n    at new Promise (<anonymous>)\n    at runWithTimeout (file:///D:/Projects/Personal/Nganya%20Transit/node_modules/@vitest/runner/dist/chunk-hooks.js:1863:10)\n    at runTest (file:///D:/Projects/Personal/Nganya%20Transit/node_modules/@vitest/runner/dist/chunk-hooks.js:1574:12)\n    at runSuite (file:///D:/Projects/Personal/Nganya%20Transit/node_modules/@vitest/runner/dist/chunk-hooks.js:1729:8)\n    at runSuite (file:///D:/Projects/Personal/Nganya%20Transit/node_modules/@vitest/runner/dist/chunk-hooks.js:1729:8)\n    at runSuite (file:///D:/Projects/Personal/Nganya%20Transit/node_modules/@vitest/runner/dist/chunk-hooks.js:1729:8)"],"meta":{}}],"startTime":1774681893469,"endTime":1774681904884.4602,"status":"failed","message":"","name":"D:/Projects/Personal/Nganya Transit/src/__tests__/bug-exploration.test.tsx"},{"assertionResults":[{"ancestorTitles":["Preservation Property Tests","2.1 Test UI preservation for Fan module screens"],"fullName":"Preservation Property Tests 2.1 Test UI preservation for Fan module screens should preserve HomeScreen UI rendering","status":"failed","title":"should preserve HomeScreen UI rendering","duration":3106.4143000000004,"failureMessages":["AssertionError: expected \"getCorridors\" to be called at least once\n\nIgnored nodes: comments, script, style\n\u001b[36m<html>\u001b[39m\n  \u001b[36m<head />\u001b[39m\n  \u001b[36m<body>\u001b[39m\n    \u001b[36m<div>\u001b[39m\n      \u001b[36m<div\u001b[39m\n        \u001b[33mstyle\u001b[39m=\u001b[32m\"padding: 0.5rem; max-width: 100%;\"\u001b[39m\n      \u001b[36m>\u001b[39m\n        \u001b[36m<div\u001b[39m\n          \u001b[33mstyle\u001b[39m=\u001b[32m\"display: flex; align-items: center; gap: .5rem;\"\u001b[39m\n        \u001b[36m>\u001b[39m\n          \u001b[36m<strong\u001b[39m\n            \u001b[33mstyle\u001b[39m=\u001b[32m\"font-size: 1rem;\"\u001b[39m\n          \u001b[36m>\u001b[39m\n            \u001b[0mSomething went wrong!\u001b[0m\n          \u001b[36m</strong>\u001b[39m\n          \u001b[36m<button\u001b[39m\n            \u001b[33mstyle\u001b[39m=\u001b[32m\"appearance: none; font-size: 0.6em; border: 1px solid; padding: 0.1rem 0.2rem; font-weight: bold; border-radius: .25rem;\"\u001b[39m\n          \u001b[36m>\u001b[39m\n            \u001b[0mHide Error\u001b[0m\n          \u001b[36m</button>\u001b[39m\n        \u001b[36m</div>\u001b[39m\n        \u001b[36m<div\u001b[39m\n          \u001b[33mstyle\u001b[39m=\u001b[32m\"height: 0.25rem;\"\u001b[39m\n        \u001b[36m/>\u001b[39m\n        \u001b[36m<div>\u001b[39m\n          \u001b[36m<pre\u001b[39m\n            \u001b[33mstyle\u001b[39m=\u001b[32m\"font-size: 0.7em; border: 1px solid red; border-radius: .25rem; padding: 0.3rem; color: red; overflow: auto;\"\u001b[39m\n          \u001b[36m>\u001b[39m\n            \u001b[36m<code>\u001b[39m\n              \u001b[0mCannot read properties of null (reading 'find')\u001b[0m\n            \u001b[36m</code>\u001b[39m\n          \u001b[36m</pre>\u001b[39m\n        \u001b[36m</div>\u001b[39m\n      \u001b[36m</div>\u001b[39m\n    \u001b[36m</div>\u001b[39m\n  \u001b[36m</body>\u001b[39m\n\u001b[36m</html>\u001b[39m\n    at Proxy.<anonymous> (file:///D:/Projects/Personal/Nganya%20Transit/node_modules/@vitest/expect/dist/index.js:1335:10)\n    at Proxy.<anonymous> (file:///D:/Projects/Personal/Nganya%20Transit/node_modules/@vitest/expect/dist/index.js:1029:14)\n    at Proxy.methodWrapper (file:///D:/Projects/Personal/Nganya%20Transit/node_modules/chai/index.js:1686:25)\n    at timeout (D:\\Projects\\Personal\\Nganya Transit\\src\\__tests__\\preservation-properties.test.tsx:119:48)\n    at runWithExpensiveErrorDiagnosticsDisabled (D:\\Projects\\Personal\\Nganya Transit\\node_modules\\@testing-library\\dom\\dist\\config.js:47:12)\n    at checkCallback (D:\\Projects\\Personal\\Nganya Transit\\node_modules\\@testing-library\\dom\\dist\\wait-for.js:124:77)\n    at Timeout.checkRealTimersCallback (D:\\Projects\\Personal\\Nganya Transit\\node_modules\\@testing-library\\dom\\dist\\wait-for.js:118:16)\n    at listOnTimeout (node:internal/timers:588:17)\n    at processTimers (node:internal/timers:523:7)"],"meta":{}},{"ancestorTitles":["Preservation Property Tests","2.1 Test UI preservation for Fan module screens"],"fullName":"Preservation Property Tests 2.1 Test UI preservation for Fan module screens should preserve DiscoverScreen UI rendering","status":"passed","title":"should preserve DiscoverScreen UI rendering","duration":115.8755000000001,"failureMessages":[],"meta":{}},{"ancestorTitles":["Preservation Property Tests","2.1 Test UI preservation for Fan module screens"],"fullName":"Preservation Property Tests 2.1 Test UI preservation for Fan module screens should preserve SpotScreen UI rendering","status":"failed","title":"should preserve SpotScreen UI rendering","duration":3016.2828999999992,"failureMessages":["AssertionError: expected \"getCorridors\" to be called at least once\n\nIgnored nodes: comments, script, style\n\u001b[36m<html>\u001b[39m\n  \u001b[36m<head />\u001b[39m\n  \u001b[36m<body>\u001b[39m\n    \u001b[36m<div>\u001b[39m\n      \u001b[36m<div\u001b[39m\n        \u001b[33mclass\u001b[39m=\u001b[32m\"page-container pt-8 pb-10 md:pt-12 md:pb-16 max-w-xl mx-auto\"\u001b[39m\n      \u001b[36m>\u001b[39m\n        \u001b[36m<div\u001b[39m\n          \u001b[33mclass\u001b[39m=\u001b[32m\"flex items-center gap-3 mb-6\"\u001b[39m\n        \u001b[36m>\u001b[39m\n          \u001b[36m<div>\u001b[39m\n            \u001b[36m<h1\u001b[39m\n              \u001b[33mclass\u001b[39m=\u001b[32m\"text-h2\"\u001b[39m\n            \u001b[36m>\u001b[39m\n              \u001b[0mSpot a Nganya\u001b[0m\n            \u001b[36m</h1>\u001b[39m\n            \u001b[36m<p\u001b[39m\n              \u001b[33mclass\u001b[39m=\u001b[32m\"text-body-sm text-[var(--color-text-tertiary)]\"\u001b[39m\n            \u001b[36m>\u001b[39m\n              \u001b[0mWhich nganya did you spot?\u001b[0m\n            \u001b[36m</p>\u001b[39m\n          \u001b[36m</div>\u001b[39m\n        \u001b[36m</div>\u001b[39m\n        \u001b[36m<div\u001b[39m\n          \u001b[33mclass\u001b[39m=\u001b[32m\"flex gap-1.5 mb-8\"\u001b[39m\n        \u001b[36m>\u001b[39m\n          \u001b[36m<div\u001b[39m\n            \u001b[33mclass\u001b[39m=\u001b[32m\"h-1 flex-1 rounded-full transition-colors bg-[var(--color-accent)]\"\u001b[39m\n          \u001b[36m/>\u001b[39m\n          \u001b[36m<div\u001b[39m\n            \u001b[33mclass\u001b[39m=\u001b[32m\"h-1 flex-1 rounded-full transition-colors bg-[var(--glass-bg)]\"\u001b[39m\n          \u001b[36m/>\u001b[39m\n          \u001b[36m<div\u001b[39m\n            \u001b[33mclass\u001b[39m=\u001b[32m\"h-1 flex-1 rounded-full transition-colors bg-[var(--glass-bg)]\"\u001b[39m\n          \u001b[36m/>\u001b[39m\n          \u001b[36m<div\u001b[39m\n            \u001b[33mclass\u001b[39m=\u001b[32m\"h-1 flex-1 rounded-full transition-colors bg-[var(--glass-bg)]\"\u001b[39m\n          \u001b[36m/>\u001b[39m\n        \u001b[36m</div>\u001b[39m\n        \u001b[36m<div\u001b[39m\n          \u001b[33mclass\u001b[39m=\u001b[32m\"space-y-3\"\u001b[39m\n        \u001b[36m>\u001b[39m\n          \u001b[36m<div\u001b[39m\n            \u001b[33mclass\u001b[39m=\u001b[32m\"relative \"\u001b[39m\n          \u001b[36m>\u001b[39m\n            \u001b[36m<svg\u001b[39m\n              \u001b[33maria-hidden\u001b[39m=\u001b[32m\"true\"\u001b[39m\n              \u001b[33mclass\u001b[39m=\u001b[32m\"lucide lucide-search absolute left-3.5 top-1/2 -translate-y-1/2 w-4.5 h-4.5 text-[var(--color-text-tertiary)] pointer-events-none\"\u001b[39m\n              \u001b[33mfill\u001b[39m=\u001b[32m\"none\"\u001b[39m\n              \u001b[33mheight\u001b[39m=\u001b[32m\"24\"\u001b[39m\n              \u001b[33mstroke\u001b[39m=\u001b[32m\"currentColor\"\u001b[39m\n              \u001b[33mstroke-linecap\u001b[39m=\u001b[32m\"round\"\u001b[39m\n              \u001b[33mstroke-linejoin\u001b[39m=\u001b[32m\"round\"\u001b[39m\n              \u001b[33mstroke-width\u001b[39m=\u001b[32m\"2\"\u001b[39m\n              \u001b[33mviewBox\u001b[39m=\u001b[32m\"0 0 24 24\"\u001b[39m\n              \u001b[33mwidth\u001b[39m=\u001b[32m\"24\"\u001b[39m\n              \u001b[33mxmlns\u001b[39m=\u001b[32m\"http://www.w3.org/2000/svg\"\u001b[39m\n            \u001b[36m>\u001b[39m\n              \u001b[36m<path\u001b[39m\n                \u001b[33md\u001b[39m=\u001b[32m\"m21 21-4.34-4.34\"\u001b[39m\n              \u001b[36m/>\u001b[39m\n              \u001b[36m<circle\u001b[39m\n                \u001b[33mcx\u001b[39m=\u001b[32m\"11\"\u001b[39m\n                \u001b[33mcy\u001b[39m=\u001b[32m\"11\"\u001b[39m\n                \u001b[33mr\u001b[39m=\u001b[32m\"8\"\u001b[39m\n              \u001b[36m/>\u001b[39m\n            \u001b[36m</svg>\u001b[39m\n            \u001b[36m<input\u001b[39m\n              \u001b[33mclass\u001b[39m=\u001b[32m\"w-full pl-10 pr-10 py-3 min-h-[44px] rounded-[var(--radius-md)] bg-[var(--glass-bg)] border border-[var(--glass-border)] text-[var(--color-text-primary)] text-sm placeholder:text-[var(--color-text-tertiary)] transition-all duration-200 focus:outline-none focus:border-[var(--color-accent)] focus:shadow-[var(--glow-accent-sm)] backdrop-blur-md\"\u001b[39m\n              \u001b[33mplaceholder\u001b[39m=\u001b[32m\"Search by name or route...\"\u001b[39m\n              \u001b[33mtype\u001b[39m=\u001b[32m\"search\"\u001b[39m\n              \u001b[33mvalue\u001b[39m=\u001b[32m\"\"\u001b[39m\n            \u001b[36m/>\u001b[39m\n          \u001b[36m</div>\u001b[39m\n          \u001b[36m<div\u001b[39m\n            \u001b[33mclass\u001b[39m=\u001b[32m\"space-y-2 max-h-[50vh] overflow-y-auto\"\u001b[39m\n          \u001b[36m>\u001b[39m\n            \u001b[36m<button\u001b[39m\n              \u001b[33mclass\u001b[39m=\u001b[32m\"w-full flex items-center gap-3 p-3 rounded-[var(--radius-md)] border transition-all text-left cursor-pointer bg-[var(--glass-bg)] border-[var(--glass-border)] hover:border-[var(--glass-border-hover)]\"\u001b[39m\n            \u001b[36m>\u001b[39m\n              \u001b[36m<img\u001b[39m\n                \u001b[33malt\u001b[39m=\u001b[32m\"Nganya 1\"\u001b[39m\n                \u001b[33mclass\u001b[39m=\u001b[32m\"w-12 h-12 rounded-[var(--radius-md)] object-cover\"\u001b[39m\n                \u001b[33msrc\u001b[39m=\u001b[32m\"https://images.unsplash.com/photo-1544620347-c4fd4a3d5957?w=800&q=80\"\u001b[39m\n              \u001b[36m/>\u001b[39m\n              \u001b[36m<div\u001b[39m\n                \u001b[33mclass\u001b[39m=\u001b[32m\"flex-1 min-w-0\"\u001b[39m\n              \u001b[36m>\u001b[39m\n                \u001b[36m<span\u001b[39m\n                  \u001b[33mclass\u001b[39m=\u001b[32m\"text-sm font-semibold text-[var(--color-text-primary)] block truncate\"\u001b[39m\n                \u001b[36m>\u001b[39m\n                  \u001b[0mNganya 1\u001b[0m\n                \u001b[36m</span>\u001b[39m\n                \u001b[36m<span\u001b[39m\n                  \u001b[33mclass\u001b[39m=\u001b[32m\"text-xs text-[var(--color-text-tertiary)]\"\u001b[39m\n                \u001b[36m>\u001b[39m\n                  \u001b[0mUnknown Route\u001b[0m\n                \u001b[36m</span>\u001b[39m\n              \u001b[36m</div>\u001b[39m\n            \u001b[36m</button>\u001b[39m\n            \u001b[36m<button\u001b[39m\n              \u001b[33mclass\u001b[39m=\u001b[32m\"w-full flex items-center gap-3 p-3 rounded-[var(--radius-md)] border transition-all text-left cursor-pointer bg-[var(--glass-bg)] border-[var(--glass-border)] hover:border-[var(--glass-border-hover)]\"\u001b[39m\n            \u001b[36m>\u001b[39m\n              \u001b[36m<img\u001b[39m\n                \u001b[33malt\u001b[39m=\u001b[32m\"Nganya 2\"\u001b[39m\n                \u001b[33mclass\u001b[39m=\u001b[32m\"w-12 h-12 rounded-[var(--radius-md)] object-cover\"\u001b[39m\n                \u001b[33msrc\u001b[39m=\u001b[32m\"https://images.unsplash.com/photo-1544620347-c4fd4a3d5957?w=800&q=80\"\u001b[39m\n              \u001b[36m/>\u001b[39m\n              \u001b[36m<div\u001b[39m\n                \u001b[33mclass\u001b[39m=\u001b[32m\"flex-1 min-w-0\"\u001b[39m\n              \u001b[36m>\u001b[39m\n                \u001b[36m<span\u001b[39m\n                  \u001b[33mclass\u001b[39m=\u001b[32m\"text-sm font-semibold text-[var(--color-text-primary)] block truncate\"\u001b[39m\n                \u001b[36m>\u001b[39m\n                  \u001b[0mNganya 2\u001b[0m\n                \u001b[36m</span>\u001b[39m\n                \u001b[36m<span\u001b[39m\n                  \u001b[33mclass\u001b[39m=\u001b[32m\"text-xs text-[var(--color-text-tertiary)]\"\u001b[39m\n                \u001b[36m>\u001b[39m\n                  \u001b[0mUnknown Route\u001b[0m\n                \u001b[36m</span>\u001b[39m\n              \u001b[36m</div>\u001b[39m\n            \u001b[36m</button>\u001b[39m\n          \u001b[36m</div>\u001b[39m\n        \u001b[36m</div>\u001b[39m\n      \u001b[36m</div>\u001b[39m\n    \u001b[36m</div>\u001b[39m\n  \u001b[36m</body>\u001b[39m\n\u001b[36m</html>\u001b[39m\n    at Proxy.<anonymous> (file:///D:/Projects/Personal/Nganya%20Transit/node_modules/@vitest/expect/dist/index.js:1335:10)\n    at Proxy.<anonymous> (file:///D:/Projects/Personal/Nganya%20Transit/node_modules/@vitest/expect/dist/index.js:1029:14)\n    at Proxy.methodWrapper (file:///D:/Projects/Personal/Nganya%20Transit/node_modules/chai/index.js:1686:25)\n    at timeout (D:\\Projects\\Personal\\Nganya Transit\\src\\__tests__\\preservation-properties.test.tsx:195:48)\n    at runWithExpensiveErrorDiagnosticsDisabled (D:\\Projects\\Personal\\Nganya Transit\\node_modules\\@testing-library\\dom\\dist\\config.js:47:12)\n    at checkCallback (D:\\Projects\\Personal\\Nganya Transit\\node_modules\\@testing-library\\dom\\dist\\wait-for.js:124:77)\n    at Timeout.checkRealTimersCallback (D:\\Projects\\Personal\\Nganya Transit\\node_modules\\@testing-library\\dom\\dist\\wait-for.js:118:16)\n    at listOnTimeout (node:internal/timers:588:17)\n    at processTimers (node:internal/timers:523:7)"],"meta":{}},{"ancestorTitles":["Preservation Property Tests","2.1 Test UI preservation for Fan module screens"],"fullName":"Preservation Property Tests 2.1 Test UI preservation for Fan module screens should preserve FollowingScreen UI rendering (shows sign-in prompt when not authenticated)","status":"passed","title":"should preserve FollowingScreen UI rendering (shows sign-in prompt when not authenticated)","duration":14.787800000000061,"failureMessages":[],"meta":{}},{"ancestorTitles":["Preservation Property Tests","2.1 Test UI preservation for Fan module screens"],"fullName":"Preservation Property Tests 2.1 Test UI preservation for Fan module screens should preserve ProfileScreen UI rendering (shows sign-in prompt when not authenticated)","status":"passed","title":"should preserve ProfileScreen UI rendering (shows sign-in prompt when not authenticated)","duration":18.023000000001048,"failureMessages":[],"meta":{}},{"ancestorTitles":["Preservation Property Tests","2.2 Test API call preservation for Fan module"],"fullName":"Preservation Property Tests 2.2 Test API call preservation for Fan module should preserve HomeScreen API calls with correct functions","status":"failed","title":"should preserve HomeScreen API calls with correct functions","duration":3046.4814000000006,"failureMessages":["AssertionError: expected \"getCorridors\" to be called at least once\n\nIgnored nodes: comments, script, style\n\u001b[36m<html>\u001b[39m\n  \u001b[36m<head />\u001b[39m\n  \u001b[36m<body>\u001b[39m\n    \u001b[36m<div>\u001b[39m\n      \u001b[36m<div\u001b[39m\n        \u001b[33mclass\u001b[39m=\u001b[32m\"page-container py-8 md:py-10 space-y-10 md:space-y-12\"\u001b[39m\n      \u001b[36m>\u001b[39m\n        \u001b[36m<section\u001b[39m\n          \u001b[33mclass\u001b[39m=\u001b[32m\"space-y-2\"\u001b[39m\n        \u001b[36m>\u001b[39m\n          \u001b[36m<p\u001b[39m\n            \u001b[33mclass\u001b[39m=\u001b[32m\"text-tag text-[var(--color-accent)]\"\u001b[39m\n          \u001b[36m>\u001b[39m\n            \u001b[0mNairobi Streets\u001b[0m\n          \u001b[36m</p>\u001b[39m\n          \u001b[36m<h1\u001b[39m\n            \u001b[33mclass\u001b[39m=\u001b[32m\"text-h1\"\u001b[39m\n          \u001b[36m>\u001b[39m\n            \u001b[0mPlan fast, catch faster\u001b[0m\n          \u001b[36m</h1>\u001b[39m\n          \u001b[36m<p\u001b[39m\n            \u001b[33mclass\u001b[39m=\u001b[32m\"text-body text-[var(--color-text-secondary)] max-w-2xl\"\u001b[39m\n          \u001b[36m>\u001b[39m\n            \u001b[0mChoose terminal route, pickup stage, and optionally your nganya. Everything below syncs to your selected route.\u001b[0m\n          \u001b[36m</p>\u001b[39m\n        \u001b[36m</section>\u001b[39m\n        \u001b[36m<section\u001b[39m\n          \u001b[33mclass\u001b[39m=\u001b[32m\"grid grid-cols-1 lg:grid-cols-12 gap-5 md:gap-6 items-start\"\u001b[39m\n        \u001b[36m>\u001b[39m\n          \u001b[36m<div\u001b[39m\n            \u001b[33mclass\u001b[39m=\u001b[32m\"lg:col-span-4 lg:sticky lg:top-[84px] space-y-3\"\u001b[39m\n          \u001b[36m>\u001b[39m\n            \u001b[36m<div\u001b[39m\n              \u001b[33mclass\u001b[39m=\u001b[32m\"bg-[var(--glass-bg)] border border-[var(--glass-border)] rounded-[var(--radius-xl)] p-4 md:p-6 shadow-sm\"\u001b[39m\n            \u001b[36m>\u001b[39m\n              \u001b[36m<div\u001b[39m\n                \u001b[33mclass\u001b[39m=\u001b[32m\"flex items-start justify-between gap-3 mb-4\"\u001b[39m\n              \u001b[36m>\u001b[39m\n                \u001b[36m<div>\u001b[39m\n                  \u001b[36m<h2\u001b[39m\n                    \u001b[33mclass\u001b[39m=\u001b[32m\"text-h3 flex items-center gap-2\"\u001b[39m\n                  \u001b[36m>\u001b[39m\n                    \u001b[36m<svg\u001b[39m\n                      \u001b[33maria-hidden\u001b[39m=\u001b[32m\"true\"\u001b[39m\n                      \u001b[33mclass\u001b[39m=\u001b[32m\"lucide lucide-navigation w-5 h-5 text-[var(--color-accent)]\"\u001b[39m\n                      \u001b[33mfill\u001b[39m=\u001b[32m\"none\"\u001b[39m\n                      \u001b[33mheight\u001b[39m=\u001b[32m\"24\"\u001b[39m\n                      \u001b[33mstroke\u001b[39m=\u001b[32m\"currentColor\"\u001b[39m\n                      \u001b[33mstroke-linecap\u001b[39m=\u001b[32m\"round\"\u001b[39m\n                      \u001b[33mstroke-linejoin\u001b[39m=\u001b[32m\"round\"\u001b[39m\n                      \u001b[33mstroke-width\u001b[39m=\u001b[32m\"2\"\u001b[39m\n                      \u001b[33mviewBox\u001b[39m=\u001b[32m\"0 0 24 24\"\u001b[39m\n                      \u001b[33mwidth\u001b[39m=\u001b[32m\"24\"\u001b[39m\n                      \u001b[33mxmlns\u001b[39m=\u001b[32m\"http://www.w3.org/2000/svg\"\u001b[39m\n                    \u001b[36m>\u001b[39m\n                      \u001b[36m<polygon\u001b[39m\n                        \u001b[33mpoints\u001b[39m=\u001b[32m\"3 11 22 2 13 21 11 13 3 11\"\u001b[39m\n                      \u001b[36m/>\u001b[39m\n                    \u001b[36m</svg>\u001b[39m\n                    \u001b[0mPlan your ride\u001b[0m\n                  \u001b[36m</h2>\u001b[39m\n                  \u001b[36m<p\u001b[39m\n                    \u001b[33mclass\u001b[39m=\u001b[32m\"text-xs text-[var(--color-text-tertiary)] mt-1\"\u001b[39m\n                  \u001b[36m>\u001b[39m\n                    \u001b[0mPick terminal route first, then pickup stage.\u001b[0m\n                  \u001b[36m</p>\u001b[39m\n                \u001b[36m</div>\u001b[39m\n              \u001b[36m</div>\u001b[39m\n              \u001b[36m<div\u001b[39m\n                \u001b[33mclass\u001b[39m=\u001b[32m\"space-y-4\"\u001b[39m\n              \u001b[36m>\u001b[39m\n                \u001b[36m<div\u001b[39m\n                  \u001b[33mclass\u001b[39m=\u001b[32m\"flex flex-col gap-3\"\u001b[39m\n                \u001b[36m>\u001b[39m\n                  \u001b[36m<button\u001b[39m\n                    \u001b[33mclass\u001b[39m=\u001b[32m\"w-full flex items-center justify-between p-3 rounded-[var(--radius-md)] bg-[var(--color-bg-body)] border border-[var(--color-line)] hover:border-[var(--color-accent-soft)] transition-colors text-left\"\u001b[39m\n                    \u001b[33mtype\u001b[39m=\u001b[32m\"button\"\u001b[39m\n                  \u001b[36m>\u001b[39m\n                    \u001b[36m<div\u001b[39m\n                      \u001b[33mclass\u001b[39m=\u001b[32m\"flex items-center gap-3 overflow-hidden\"\u001b[39m\n                    \u001b[36m>\u001b[39m\n                      \u001b[36m<div\u001b[39m\n                        \u001b[33mclass\u001b[39m=\u001b[32m\"w-2 h-2 rounded-full shrink-0 bg-[var(--color-accent)] ml-1 mr-1\"\u001b[39m\n                      \u001b[36m/>\u001b[39m\n                      \u001b[36m<span\u001b[39m\n                        \u001b[33mclass\u001b[39m=\u001b[32m\"truncate text-[var(--color-text-tertiary)]\"\u001b[39m\n                      \u001b[36m>\u001b[39m\n                        \u001b[0m1. Route / headed to\u001b[0m\n                      \u001b[36m</span>\u001b[39m\n                    \u001b[36m</div>\u001b[39m\n                    \u001b[36m<svg\u001b[39m\n                      \u001b[33maria-hidden\u001b[39m=\u001b[32m\"true\"\u001b[39m\n                      \u001b[33mclass\u001b[39m=\u001b[32m\"lucide lucide-chevron-down w-4 h-4 shrink-0 text-[var(--color-text-tertiary)]\"\u001b[39m\n                      \u001b[33mfill\u001b[39m=\u001b[32m\"none\"\u001b[39m\n                      \u001b[33mheight\u001b[39m=\u001b[32m\"24\"\u001b[39m\n                      \u001b[33mstroke\u001b[39m=\u001b[32m\"currentColor\"\u001b[39m\n                      \u001b[33mstroke-linecap\u001b[39m=\u001b[32m\"round\"\u001b[39m\n                      \u001b[33mstroke-linejoin\u001b[39m=\u001b[32m\"round\"\u001b[39m\n                      \u001b[33mstroke-width\u001b[39m=\u001b[32m\"2\"\u001b[39m\n                      \u001b[33mviewBox\u001b[39m=\u001b[32m\"0 0 24 24\"\u001b[39m\n                      \u001b[33mwidth\u001b[39m=\u001b[32m\"24\"\u001b[39m\n                      \u001b[33mxmlns\u001b[39m=\u001b[32m\"http://www.w3.org/2000/svg\"\u001b[39m\n                    \u001b[36m>\u001b[39m\n                      \u001b[36m<path\u001b[39m\n                        \u001b[33md\u001b[39m=\u001b[32m\"m6 9 6 6 6-6\"\u001b[39m\n                      \u001b[36m/>\u001b[39m\n                    \u001b[36m</svg>\u001b[39m\n                  \u001b[36m</button>\u001b[39m\n                  \u001b[36m<button\u001b[39m\n                    \u001b[33mclass\u001b[39m=\u001b[32m\"w-full flex items-center justify-between p-3 rounded-[var(--radius-md)] border transition-colors text-left bg-[var(--glass-bg)] border-[var(--color-line)] opacity-50 cursor-not-allowed\"\u001b[39m\n                    \u001b[33mdisabled\u001b[39m=\u001b[32m\"\"\u001b[39m\n                    \u001b[33mtype\u001b[39m=\u001b[32m\"button\"\u001b[39m\n                  \u001b[36m>\u001b[39m\n                    \u001b[36m<div\u001b[39m\n                      \u001b[33mclass\u001b[39m=\u001b[32m\"flex items-center gap-3 overflow-hidden\"\u001b[39m\n                    \u001b[36m>\u001b[39m\n                      \u001b[36m<svg\u001b[39m\n                        \u001b[33maria-hidden\u001b[39m=\u001b[32m\"true\"\u001b[39m\n                        \u001b[33mclass\u001b[39m=\u001b[32m\"lucide lucide-map-pin w-4 h-4 shrink-0 text-[var(--color-text-tertiary)]\"\u001b[39m\n                        \u001b[33mfill\u001b[39m=\u001b[32m\"none\"\u001b[39m\n                        \u001b[33mheight\u001b[39m=\u001b[32m\"24\"\u001b[39m\n                        \u001b[33mstroke\u001b[39m=\u001b[32m\"currentColor\"\u001b[39m\n                        \u001b[33mstroke-linecap\u001b[39m=\u001b[32m\"round\"\u001b[39m\n                        \u001b[33mstroke-linejoin\u001b[39m=\u001b[32m\"round\"\u001b[39m\n                        \u001b[33mstroke-width\u001b[39m=\u001b[32m\"2\"\u001b[39m\n                        \u001b[33mviewBox\u001b[39m=\u001b[32m\"0 0 24 24\"\u001b[39m\n                        \u001b[33mwidth\u001b[39m=\u001b[32m\"24\"\u001b[39m\n                        \u001b[33mxmlns\u001b[39m=\u001b[32m\"http://www.w3.org/2000/svg\"\u001b[39m\n                      \u001b[36m>\u001b[39m\n                        \u001b[36m<path\u001b[39m\n                          \u001b[33md\u001b[39m=\u001b[32m\"M20 10c0 4.993-5.539 10.193-7.399 11.799a1 1 0 0 1-1.202 0C9.539 20.193 4 14.993 4 10a8 8 0 0 1 16 0\"\u001b...\n    at Proxy.<anonymous> (file:///D:/Projects/Personal/Nganya%20Transit/node_modules/@vitest/expect/dist/index.js:1335:10)\n    at Proxy.<anonymous> (file:///D:/Projects/Personal/Nganya%20Transit/node_modules/@vitest/expect/dist/index.js:1029:14)\n    at Proxy.methodWrapper (file:///D:/Projects/Personal/Nganya%20Transit/node_modules/chai/index.js:1686:25)\n    at timeout (D:\\Projects\\Personal\\Nganya Transit\\src\\__tests__\\preservation-properties.test.tsx:279:35)\n    at runWithExpensiveErrorDiagnosticsDisabled (D:\\Projects\\Personal\\Nganya Transit\\node_modules\\@testing-library\\dom\\dist\\config.js:47:12)\n    at checkCallback (D:\\Projects\\Personal\\Nganya Transit\\node_modules\\@testing-library\\dom\\dist\\wait-for.js:124:77)\n    at Timeout.checkRealTimersCallback (D:\\Projects\\Personal\\Nganya Transit\\node_modules\\@testing-library\\dom\\dist\\wait-for.js:118:16)\n    at listOnTimeout (node:internal/timers:588:17)\n    at processTimers (node:internal/timers:523:7)"],"meta":{}},{"ancestorTitles":["Preservation Property Tests","2.2 Test API call preservation for Fan module"],"fullName":"Preservation Property Tests 2.2 Test API call preservation for Fan module should preserve DiscoverScreen API calls","status":"failed","title":"should preserve DiscoverScreen API calls","duration":3032.5407000000014,"failureMessages":["AssertionError: expected \"getCorridors\" to be called at least once\n\nIgnored nodes: comments, script, style\n\u001b[36m<html>\u001b[39m\n  \u001b[36m<head />\u001b[39m\n  \u001b[36m<body>\u001b[39m\n    \u001b[36m<div>\u001b[39m\n      \u001b[36m<div\u001b[39m\n        \u001b[33mclass\u001b[39m=\u001b[32m\"page-container pt-8 pb-10 md:pt-12 md:pb-16\"\u001b[39m\n      \u001b[36m>\u001b[39m\n        \u001b[36m<div\u001b[39m\n          \u001b[33mclass\u001b[39m=\u001b[32m\"mb-6\"\u001b[39m\n        \u001b[36m>\u001b[39m\n          \u001b[36m<h1\u001b[39m\n            \u001b[33mclass\u001b[39m=\u001b[32m\"text-h1 mb-2\"\u001b[39m\n          \u001b[36m>\u001b[39m\n            \u001b[0mDiscover\u001b[0m\n          \u001b[36m</h1>\u001b[39m\n          \u001b[36m<p\u001b[39m\n            \u001b[33mclass\u001b[39m=\u001b[32m\"text-body-sm text-[var(--color-text-secondary)]\"\u001b[39m\n          \u001b[36m>\u001b[39m\n            \u001b[0mFind nganyas by name, route, or vibe\u001b[0m\n          \u001b[36m</p>\u001b[39m\n        \u001b[36m</div>\u001b[39m\n        \u001b[36m<div\u001b[39m\n          \u001b[33mclass\u001b[39m=\u001b[32m\"flex gap-8\"\u001b[39m\n        \u001b[36m>\u001b[39m\n          \u001b[36m<aside\u001b[39m\n            \u001b[33mclass\u001b[39m=\u001b[32m\"hidden lg:block w-60 shrink-0 space-y-6\"\u001b[39m\n          \u001b[36m>\u001b[39m\n            \u001b[36m<div>\u001b[39m\n              \u001b[36m<h3\u001b[39m\n                \u001b[33mclass\u001b[39m=\u001b[32m\"text-caption text-[var(--color-text-tertiary)] mb-3\"\u001b[39m\n              \u001b[36m>\u001b[39m\n                \u001b[36m<svg\u001b[39m\n                  \u001b[33maria-hidden\u001b[39m=\u001b[32m\"true\"\u001b[39m\n                  \u001b[33mclass\u001b[39m=\u001b[32m\"lucide lucide-sliders-horizontal w-3 h-3 inline mr-1\"\u001b[39m\n                  \u001b[33mfill\u001b[39m=\u001b[32m\"none\"\u001b[39m\n                  \u001b[33mheight\u001b[39m=\u001b[32m\"24\"\u001b[39m\n                  \u001b[33mstroke\u001b[39m=\u001b[32m\"currentColor\"\u001b[39m\n                  \u001b[33mstroke-linecap\u001b[39m=\u001b[32m\"round\"\u001b[39m\n                  \u001b[33mstroke-linejoin\u001b[39m=\u001b[32m\"round\"\u001b[39m\n                  \u001b[33mstroke-width\u001b[39m=\u001b[32m\"2\"\u001b[39m\n                  \u001b[33mviewBox\u001b[39m=\u001b[32m\"0 0 24 24\"\u001b[39m\n                  \u001b[33mwidth\u001b[39m=\u001b[32m\"24\"\u001b[39m\n                  \u001b[33mxmlns\u001b[39m=\u001b[32m\"http://www.w3.org/2000/svg\"\u001b[39m\n                \u001b[36m>\u001b[39m\n                  \u001b[36m<path\u001b[39m\n                    \u001b[33md\u001b[39m=\u001b[32m\"M10 5H3\"\u001b[39m\n                  \u001b[36m/>\u001b[39m\n                  \u001b[36m<path\u001b[39m\n                    \u001b[33md\u001b[39m=\u001b[32m\"M12 19H3\"\u001b[39m\n                  \u001b[36m/>\u001b[39m\n                  \u001b[36m<path\u001b[39m\n                    \u001b[33md\u001b[39m=\u001b[32m\"M14 3v4\"\u001b[39m\n                  \u001b[36m/>\u001b[39m\n                  \u001b[36m<path\u001b[39m\n                    \u001b[33md\u001b[39m=\u001b[32m\"M16 17v4\"\u001b[39m\n                  \u001b[36m/>\u001b[39m\n                  \u001b[36m<path\u001b[39m\n                    \u001b[33md\u001b[39m=\u001b[32m\"M21 12h-9\"\u001b[39m\n                  \u001b[36m/>\u001b[39m\n                  \u001b[36m<path\u001b[39m\n                    \u001b[33md\u001b[39m=\u001b[32m\"M21 19h-5\"\u001b[39m\n                  \u001b[36m/>\u001b[39m\n                  \u001b[36m<path\u001b[39m\n                    \u001b[33md\u001b[39m=\u001b[32m\"M21 5h-7\"\u001b[39m\n                  \u001b[36m/>\u001b[39m\n                  \u001b[36m<path\u001b[39m\n                    \u001b[33md\u001b[39m=\u001b[32m\"M8 10v4\"\u001b[39m\n                  \u001b[36m/>\u001b[39m\n                  \u001b[36m<path\u001b[39m\n                    \u001b[33md\u001b[39m=\u001b[32m\"M8 12H3\"\u001b[39m\n                  \u001b[36m/>\u001b[39m\n                \u001b[36m</svg>\u001b[39m\n                \u001b[0mCorridors\u001b[0m\n              \u001b[36m</h3>\u001b[39m\n              \u001b[36m<div\u001b[39m\n                \u001b[33mclass\u001b[39m=\u001b[32m\"space-y-1.5\"\u001b[39m\n              \u001b[36m>\u001b[39m\n                \u001b[36m<button\u001b[39m\n                  \u001b[33mclass\u001b[39m=\u001b[32m\"w-full text-left px-3 py-2 rounded-[var(--radius-md)] text-sm transition-all cursor-pointer text-[var(--color-text-secondary)] hover:bg-[var(--glass-bg)] hover:text-[var(--color-text-primary)]\"\u001b[39m\n                \u001b[36m>\u001b[39m\n                  \u001b[36m<span>\u001b[39m\n                    \u001b[0mThika Road\u001b[0m\n                  \u001b[36m</span>\u001b[39m\n                \u001b[36m</button>\u001b[39m\n                \u001b[36m<button\u001b[39m\n                  \u001b[33mclass\u001b[39m=\u001b[32m\"w-full text-left px-3 py-2 rounded-[var(--radius-md)] text-sm transition-all cursor-pointer text-[var(--color-text-secondary)] hover:bg-[var(--glass-bg)] hover:text-[var(--color-text-primary)]\"\u001b[39m\n                \u001b[36m>\u001b[39m\n                  \u001b[36m<span>\u001b[39m\n                    \u001b[0mNgong Road\u001b[0m\n                  \u001b[36m</span>\u001b[39m\n                \u001b[36m</button>\u001b[39m\n              \u001b[36m</div>\u001b[39m\n            \u001b[36m</div>\u001b[39m\n            \u001b[36m<div\u001b[39m\n              \u001b[33mclass\u001b[39m=\u001b[32m\"border-t border-[var(--color-line)] pt-6\"\u001b[39m\n            \u001b[36m>\u001b[39m\n              \u001b[36m<h3\u001b[39m\n                \u001b[33mclass\u001b[39m=\u001b[32m\"text-caption text-[var(--color-text-tertiary)] mb-3\"\u001b[39m\n              \u001b[36m>\u001b[39m\n                \u001b[0mVibe Tags\u001b[0m\n              \u001b[36m</h3>\u001b[39m\n              \u001b[36m<div\u001b[39m\n                \u001b[33mclass\u001b[39m=\u001b[32m\"flex flex-wrap gap-1.5\"\u001b[39m\n              \u001b[36m>\u001b[39m\n                \u001b[36m<span\u001b[39m\n                  \u001b[33mclass\u001b[39m=\u001b[32m\"inline-flex items-center justify-center whitespace-nowrap rounded-[var(--radius-full)] font-medium transition-all duration-150 select-none \n      px-2.5 py-1 text-[10px] font-bold tracking-widest uppercase min-h-[24px]\n      border border-transparent\n     cursor-pointer active:scale-95 \"\u001b[39m\n                  \u001b[33mrole\u001b[39m=\u001b[32m\"button\"\u001b[39m\n                  \u001b[33mtabindex\u001b[39m=\u001b[32m\"0\"\u001b[39m\n                \u001b[36m>\u001b[39m\n                  \u001b[0mBASS MONSTER\u001b[0m\n                \u001b[36m</span>\u001b[39m\n                \u001b[36m<span\u001b[39m\n                  \u001b[33mclass\u001b[39m=\u001b[32m\"inline-flex items-center justify-center whitespace-nowrap rounded-[var(--radius-full)] font-medium transition-all duration-150 select-none \n      px-2.5 py-1 text-[10px] font-bold tracking-widest uppercase min-h-[24px]\n      border border-transparent\n     cursor-pointer active:scale-95 \"\u001b[39m\n                  \u001b[33mrole\u001b[39m=\u001b[32m\"button\"\u001b[39m\n                  \u001b[33mtabindex\u001b[39m=\u001b[32m\"0\"\u001b[39m\n                \u001b[36m>\u001b[39m\n                  \u001b[0mLED KING\u001b[0m\n                \u001b[36m</span>\u001b[39m\n                \u001b[36m<span\u001b[39m\n                  \u001b[33mclass\u001b[39m=\u001b[32m\"inline-flex items-center justify-center whitespace-nowrap rounded-[var(--radius-full)] font-medium transition-all duration-150 select-none \n      px-2.5 py-1 text-[10px] font-bold tracking-widest uppercase min-h-[24px]\n      border border-transparent\n     cursor-pointer active:scale-95 \"\u001b[39m\n                  \u001b[33mrole\u001b[39m=\u001b[32m\"button\"\u001b[39m\n                  \u001b[33mtabindex\u001b[39m=\u001b[32m\"0\"\u001b[39m\n                \u001b[36m>\u001b[39m\n                  \u001b[0mNIGHT RIDER\u001b[0m\n                \u001b[36m</span>\u001b[39m\n                \u001b[36m<span\u001b[39m\n                  \u001b[33mclass\u001b[39m=\u001b[32m\"inline-flex items-center justify-center whitespace-nowrap rounded-[var(--radius-full)] font-medium transition-all duration-150 select-none \n      px-2.5 py-1 text-[10px] font-bold tracking-widest uppercase min-h-[24px]\n      border border-transparent\n     cursor-pointer active:scale-95 \"\u001b[39m\n                  \u001b[33mrole\u001b[39m=\u001b[32m\"button\"\u001b[39m\n                  \u001b[33mtabindex\u001b[39m=\u001b[32m\"0\"\u001b[39m\n                \u001b[36m>\u001b[39m\n                  \u001b[0mCHROME BEAST\u001b[0m\n                \u001b[36m</span>\u001b[39m\n                \u001b[36m<span\u001b[39m\n                  \u001b[33mclass\u001b[39m=\u001b[32m\"inline-flex items-center justify-center whitespace-nowrap rounded-[var(--radius-full)] font-medium transition-all duration-150 select-none \n      px-2.5 ...\n    at Proxy.<anonymous> (file:///D:/Projects/Personal/Nganya%20Transit/node_modules/@vitest/expect/dist/index.js:1335:10)\n    at Proxy.<anonymous> (file:///D:/Projects/Personal/Nganya%20Transit/node_modules/@vitest/expect/dist/index.js:1029:14)\n    at Proxy.methodWrapper (file:///D:/Projects/Personal/Nganya%20Transit/node_modules/chai/index.js:1686:25)\n    at timeout (D:\\Projects\\Personal\\Nganya Transit\\src\\__tests__\\preservation-properties.test.tsx:323:35)\n    at runWithExpensiveErrorDiagnosticsDisabled (D:\\Projects\\Personal\\Nganya Transit\\node_modules\\@testing-library\\dom\\dist\\config.js:47:12)\n    at checkCallback (D:\\Projects\\Personal\\Nganya Transit\\node_modules\\@testing-library\\dom\\dist\\wait-for.js:124:77)\n    at Timeout.checkRealTimersCallback (D:\\Projects\\Personal\\Nganya Transit\\node_modules\\@testing-library\\dom\\dist\\wait-for.js:118:16)\n    at listOnTimeout (node:internal/timers:588:17)\n    at processTimers (node:internal/timers:523:7)"],"meta":{}},{"ancestorTitles":["Preservation Property Tests","2.2 Test API call preservation for Fan module"],"fullName":"Preservation Property Tests 2.2 Test API call preservation for Fan module should preserve SpotScreen API calls","status":"failed","title":"should preserve SpotScreen API calls","duration":3013.716700000001,"failureMessages":["AssertionError: expected \"getCorridors\" to be called at least once\n\nIgnored nodes: comments, script, style\n\u001b[36m<html>\u001b[39m\n  \u001b[36m<head />\u001b[39m\n  \u001b[36m<body>\u001b[39m\n    \u001b[36m<div>\u001b[39m\n      \u001b[36m<div\u001b[39m\n        \u001b[33mclass\u001b[39m=\u001b[32m\"page-container pt-8 pb-10 md:pt-12 md:pb-16 max-w-xl mx-auto\"\u001b[39m\n      \u001b[36m>\u001b[39m\n        \u001b[36m<div\u001b[39m\n          \u001b[33mclass\u001b[39m=\u001b[32m\"flex items-center gap-3 mb-6\"\u001b[39m\n        \u001b[36m>\u001b[39m\n          \u001b[36m<div>\u001b[39m\n            \u001b[36m<h1\u001b[39m\n              \u001b[33mclass\u001b[39m=\u001b[32m\"text-h2\"\u001b[39m\n            \u001b[36m>\u001b[39m\n              \u001b[0mSpot a Nganya\u001b[0m\n            \u001b[36m</h1>\u001b[39m\n            \u001b[36m<p\u001b[39m\n              \u001b[33mclass\u001b[39m=\u001b[32m\"text-body-sm text-[var(--color-text-tertiary)]\"\u001b[39m\n            \u001b[36m>\u001b[39m\n              \u001b[0mWhich nganya did you spot?\u001b[0m\n            \u001b[36m</p>\u001b[39m\n          \u001b[36m</div>\u001b[39m\n        \u001b[36m</div>\u001b[39m\n        \u001b[36m<div\u001b[39m\n          \u001b[33mclass\u001b[39m=\u001b[32m\"flex gap-1.5 mb-8\"\u001b[39m\n        \u001b[36m>\u001b[39m\n          \u001b[36m<div\u001b[39m\n            \u001b[33mclass\u001b[39m=\u001b[32m\"h-1 flex-1 rounded-full transition-colors bg-[var(--color-accent)]\"\u001b[39m\n          \u001b[36m/>\u001b[39m\n          \u001b[36m<div\u001b[39m\n            \u001b[33mclass\u001b[39m=\u001b[32m\"h-1 flex-1 rounded-full transition-colors bg-[var(--glass-bg)]\"\u001b[39m\n          \u001b[36m/>\u001b[39m\n          \u001b[36m<div\u001b[39m\n            \u001b[33mclass\u001b[39m=\u001b[32m\"h-1 flex-1 rounded-full transition-colors bg-[var(--glass-bg)]\"\u001b[39m\n          \u001b[36m/>\u001b[39m\n          \u001b[36m<div\u001b[39m\n            \u001b[33mclass\u001b[39m=\u001b[32m\"h-1 flex-1 rounded-full transition-colors bg-[var(--glass-bg)]\"\u001b[39m\n          \u001b[36m/>\u001b[39m\n        \u001b[36m</div>\u001b[39m\n        \u001b[36m<div\u001b[39m\n          \u001b[33mclass\u001b[39m=\u001b[32m\"space-y-3\"\u001b[39m\n        \u001b[36m>\u001b[39m\n          \u001b[36m<div\u001b[39m\n            \u001b[33mclass\u001b[39m=\u001b[32m\"relative \"\u001b[39m\n          \u001b[36m>\u001b[39m\n            \u001b[36m<svg\u001b[39m\n              \u001b[33maria-hidden\u001b[39m=\u001b[32m\"true\"\u001b[39m\n              \u001b[33mclass\u001b[39m=\u001b[32m\"lucide lucide-search absolute left-3.5 top-1/2 -translate-y-1/2 w-4.5 h-4.5 text-[var(--color-text-tertiary)] pointer-events-none\"\u001b[39m\n              \u001b[33mfill\u001b[39m=\u001b[32m\"none\"\u001b[39m\n              \u001b[33mheight\u001b[39m=\u001b[32m\"24\"\u001b[39m\n              \u001b[33mstroke\u001b[39m=\u001b[32m\"currentColor\"\u001b[39m\n              \u001b[33mstroke-linecap\u001b[39m=\u001b[32m\"round\"\u001b[39m\n              \u001b[33mstroke-linejoin\u001b[39m=\u001b[32m\"round\"\u001b[39m\n              \u001b[33mstroke-width\u001b[39m=\u001b[32m\"2\"\u001b[39m\n              \u001b[33mviewBox\u001b[39m=\u001b[32m\"0 0 24 24\"\u001b[39m\n              \u001b[33mwidth\u001b[39m=\u001b[32m\"24\"\u001b[39m\n              \u001b[33mxmlns\u001b[39m=\u001b[32m\"http://www.w3.org/2000/svg\"\u001b[39m\n            \u001b[36m>\u001b[39m\n              \u001b[36m<path\u001b[39m\n                \u001b[33md\u001b[39m=\u001b[32m\"m21 21-4.34-4.34\"\u001b[39m\n              \u001b[36m/>\u001b[39m\n              \u001b[36m<circle\u001b[39m\n                \u001b[33mcx\u001b[39m=\u001b[32m\"11\"\u001b[39m\n                \u001b[33mcy\u001b[39m=\u001b[32m\"11\"\u001b[39m\n                \u001b[33mr\u001b[39m=\u001b[32m\"8\"\u001b[39m\n              \u001b[36m/>\u001b[39m\n            \u001b[36m</svg>\u001b[39m\n            \u001b[36m<input\u001b[39m\n              \u001b[33mclass\u001b[39m=\u001b[32m\"w-full pl-10 pr-10 py-3 min-h-[44px] rounded-[var(--radius-md)] bg-[var(--glass-bg)] border border-[var(--glass-border)] text-[var(--color-text-primary)] text-sm placeholder:text-[var(--color-text-tertiary)] transition-all duration-200 focus:outline-none focus:border-[var(--color-accent)] focus:shadow-[var(--glow-accent-sm)] backdrop-blur-md\"\u001b[39m\n              \u001b[33mplaceholder\u001b[39m=\u001b[32m\"Search by name or route...\"\u001b[39m\n              \u001b[33mtype\u001b[39m=\u001b[32m\"search\"\u001b[39m\n              \u001b[33mvalue\u001b[39m=\u001b[32m\"\"\u001b[39m\n            \u001b[36m/>\u001b[39m\n          \u001b[36m</div>\u001b[39m\n          \u001b[36m<div\u001b[39m\n            \u001b[33mclass\u001b[39m=\u001b[32m\"space-y-2 max-h-[50vh] overflow-y-auto\"\u001b[39m\n          \u001b[36m>\u001b[39m\n            \u001b[36m<button\u001b[39m\n              \u001b[33mclass\u001b[39m=\u001b[32m\"w-full flex items-center gap-3 p-3 rounded-[var(--radius-md)] border transition-all text-left cursor-pointer bg-[var(--glass-bg)] border-[var(--glass-border)] hover:border-[var(--glass-border-hover)]\"\u001b[39m\n            \u001b[36m>\u001b[39m\n              \u001b[36m<img\u001b[39m\n                \u001b[33malt\u001b[39m=\u001b[32m\"Nganya 1\"\u001b[39m\n                \u001b[33mclass\u001b[39m=\u001b[32m\"w-12 h-12 rounded-[var(--radius-md)] object-cover\"\u001b[39m\n                \u001b[33msrc\u001b[39m=\u001b[32m\"https://images.unsplash.com/photo-1544620347-c4fd4a3d5957?w=800&q=80\"\u001b[39m\n              \u001b[36m/>\u001b[39m\n              \u001b[36m<div\u001b[39m\n                \u001b[33mclass\u001b[39m=\u001b[32m\"flex-1 min-w-0\"\u001b[39m\n              \u001b[36m>\u001b[39m\n                \u001b[36m<span\u001b[39m\n                  \u001b[33mclass\u001b[39m=\u001b[32m\"text-sm font-semibold text-[var(--color-text-primary)] block truncate\"\u001b[39m\n                \u001b[36m>\u001b[39m\n                  \u001b[0mNganya 1\u001b[0m\n                \u001b[36m</span>\u001b[39m\n                \u001b[36m<span\u001b[39m\n                  \u001b[33mclass\u001b[39m=\u001b[32m\"text-xs text-[var(--color-text-tertiary)]\"\u001b[39m\n                \u001b[36m>\u001b[39m\n                  \u001b[0mUnknown Route\u001b[0m\n                \u001b[36m</span>\u001b[39m\n              \u001b[36m</div>\u001b[39m\n            \u001b[36m</button>\u001b[39m\n            \u001b[36m<button\u001b[39m\n              \u001b[33mclass\u001b[39m=\u001b[32m\"w-full flex items-center gap-3 p-3 rounded-[var(--radius-md)] border transition-all text-left cursor-pointer bg-[var(--glass-bg)] border-[var(--glass-border)] hover:border-[var(--glass-border-hover)]\"\u001b[39m\n            \u001b[36m>\u001b[39m\n              \u001b[36m<img\u001b[39m\n                \u001b[33malt\u001b[39m=\u001b[32m\"Nganya 2\"\u001b[39m\n                \u001b[33mclass\u001b[39m=\u001b[32m\"w-12 h-12 rounded-[var(--radius-md)] object-cover\"\u001b[39m\n                \u001b[33msrc\u001b[39m=\u001b[32m\"https://images.unsplash.com/photo-1544620347-c4fd4a3d5957?w=800&q=80\"\u001b[39m\n              \u001b[36m/>\u001b[39m\n              \u001b[36m<div\u001b[39m\n                \u001b[33mclass\u001b[39m=\u001b[32m\"flex-1 min-w-0\"\u001b[39m\n              \u001b[36m>\u001b[39m\n                \u001b[36m<span\u001b[39m\n                  \u001b[33mclass\u001b[39m=\u001b[32m\"text-sm font-semibold text-[var(--color-text-primary)] block truncate\"\u001b[39m\n                \u001b[36m>\u001b[39m\n                  \u001b[0mNganya 2\u001b[0m\n                \u001b[36m</span>\u001b[39m\n                \u001b[36m<span\u001b[39m\n                  \u001b[33mclass\u001b[39m=\u001b[32m\"text-xs text-[var(--color-text-tertiary)]\"\u001b[39m\n                \u001b[36m>\u001b[39m\n                  \u001b[0mUnknown Route\u001b[0m\n                \u001b[36m</span>\u001b[39m\n              \u001b[36m</div>\u001b[39m\n            \u001b[36m</button>\u001b[39m\n          \u001b[36m</div>\u001b[39m\n        \u001b[36m</div>\u001b[39m\n      \u001b[36m</div>\u001b[39m\n    \u001b[36m</div>\u001b[39m\n  \u001b[36m</body>\u001b[39m\n\u001b[36m</html>\u001b[39m\n    at Proxy.<anonymous> (file:///D:/Projects/Personal/Nganya%20Transit/node_modules/@vitest/expect/dist/index.js:1335:10)\n    at Proxy.<anonymous> (file:///D:/Projects/Personal/Nganya%20Transit/node_modules/@vitest/expect/dist/index.js:1029:14)\n    at Proxy.methodWrapper (file:///D:/Projects/Personal/Nganya%20Transit/node_modules/chai/index.js:1686:25)\n    at timeout (D:\\Projects\\Personal\\Nganya Transit\\src\\__tests__\\preservation-properties.test.tsx:363:35)\n    at runWithExpensiveErrorDiagnosticsDisabled (D:\\Projects\\Personal\\Nganya Transit\\node_modules\\@testing-library\\dom\\dist\\config.js:47:12)\n    at checkCallback (D:\\Projects\\Personal\\Nganya Transit\\node_modules\\@testing-library\\dom\\dist\\wait-for.js:124:77)\n    at Timeout.checkRealTimersCallback (D:\\Projects\\Personal\\Nganya Transit\\node_modules\\@testing-library\\dom\\dist\\wait-for.js:118:16)\n    at listOnTimeout (node:internal/timers:588:17)\n    at processTimers (node:internal/timers:523:7)"],"meta":{}},{"ancestorTitles":["Preservation Property Tests","2.2 Test API call preservation for Fan module"],"fullName":"Preservation Property Tests 2.2 Test API call preservation for Fan module should preserve FollowingScreen API calls (when authenticated)","status":"passed","title":"should preserve FollowingScreen API calls (when authenticated)","duration":0.8800000000010186,"failureMessages":[],"meta":{}},{"ancestorTitles":["Preservation Property Tests","2.2 Test API call preservation for Fan module"],"fullName":"Preservation Property Tests 2.2 Test API call preservation for Fan module should preserve ProfileScreen API calls (when authenticated)","status":"passed","title":"should preserve ProfileScreen API calls (when authenticated)","duration":0.37489999999888823,"failureMessages":[],"meta":{}},{"ancestorTitles":["Preservation Property Tests","2.3 Test localStorage preservation"],"fullName":"Preservation Property Tests 2.3 Test localStorage preservation should preserve crew localStorage keys","status":"passed","title":"should preserve crew localStorage keys","duration":17.59479999999894,"failureMessages":[],"meta":{}},{"ancestorTitles":["Preservation Property Tests","2.4 Test loading state preservation"],"fullName":"Preservation Property Tests 2.4 Test loading state preservation should preserve loading states in Fan screens","status":"failed","title":"should preserve loading states in Fan screens","duration":3044.9968999999983,"failureMessages":["AssertionError: expected \"getCorridors\" to be called at least once\n\nIgnored nodes: comments, script, style\n\u001b[36m<html>\u001b[39m\n  \u001b[36m<head />\u001b[39m\n  \u001b[36m<body>\u001b[39m\n    \u001b[36m<div>\u001b[39m\n      \u001b[36m<div\u001b[39m\n        \u001b[33mclass\u001b[39m=\u001b[32m\"page-container py-8 md:py-10 space-y-10 md:space-y-12\"\u001b[39m\n      \u001b[36m>\u001b[39m\n        \u001b[36m<section\u001b[39m\n          \u001b[33mclass\u001b[39m=\u001b[32m\"space-y-2\"\u001b[39m\n        \u001b[36m>\u001b[39m\n          \u001b[36m<p\u001b[39m\n            \u001b[33mclass\u001b[39m=\u001b[32m\"text-tag text-[var(--color-accent)]\"\u001b[39m\n          \u001b[36m>\u001b[39m\n            \u001b[0mNairobi Streets\u001b[0m\n          \u001b[36m</p>\u001b[39m\n          \u001b[36m<h1\u001b[39m\n            \u001b[33mclass\u001b[39m=\u001b[32m\"text-h1\"\u001b[39m\n          \u001b[36m>\u001b[39m\n            \u001b[0mPlan fast, catch faster\u001b[0m\n          \u001b[36m</h1>\u001b[39m\n          \u001b[36m<p\u001b[39m\n            \u001b[33mclass\u001b[39m=\u001b[32m\"text-body text-[var(--color-text-secondary)] max-w-2xl\"\u001b[39m\n          \u001b[36m>\u001b[39m\n            \u001b[0mChoose terminal route, pickup stage, and optionally your nganya. Everything below syncs to your selected route.\u001b[0m\n          \u001b[36m</p>\u001b[39m\n        \u001b[36m</section>\u001b[39m\n        \u001b[36m<section\u001b[39m\n          \u001b[33mclass\u001b[39m=\u001b[32m\"grid grid-cols-1 lg:grid-cols-12 gap-5 md:gap-6 items-start\"\u001b[39m\n        \u001b[36m>\u001b[39m\n          \u001b[36m<div\u001b[39m\n            \u001b[33mclass\u001b[39m=\u001b[32m\"lg:col-span-4 lg:sticky lg:top-[84px] space-y-3\"\u001b[39m\n          \u001b[36m>\u001b[39m\n            \u001b[36m<div\u001b[39m\n              \u001b[33mclass\u001b[39m=\u001b[32m\"bg-[var(--glass-bg)] border border-[var(--glass-border)] rounded-[var(--radius-xl)] p-4 md:p-6 shadow-sm\"\u001b[39m\n            \u001b[36m>\u001b[39m\n              \u001b[36m<div\u001b[39m\n                \u001b[33mclass\u001b[39m=\u001b[32m\"flex items-start justify-between gap-3 mb-4\"\u001b[39m\n              \u001b[36m>\u001b[39m\n                \u001b[36m<div>\u001b[39m\n                  \u001b[36m<h2\u001b[39m\n                    \u001b[33mclass\u001b[39m=\u001b[32m\"text-h3 flex items-center gap-2\"\u001b[39m\n                  \u001b[36m>\u001b[39m\n                    \u001b[36m<svg\u001b[39m\n                      \u001b[33maria-hidden\u001b[39m=\u001b[32m\"true\"\u001b[39m\n                      \u001b[33mclass\u001b[39m=\u001b[32m\"lucide lucide-navigation w-5 h-5 text-[var(--color-accent)]\"\u001b[39m\n                      \u001b[33mfill\u001b[39m=\u001b[32m\"none\"\u001b[39m\n                      \u001b[33mheight\u001b[39m=\u001b[32m\"24\"\u001b[39m\n                      \u001b[33mstroke\u001b[39m=\u001b[32m\"currentColor\"\u001b[39m\n                      \u001b[33mstroke-linecap\u001b[39m=\u001b[32m\"round\"\u001b[39m\n                      \u001b[33mstroke-linejoin\u001b[39m=\u001b[32m\"round\"\u001b[39m\n                      \u001b[33mstroke-width\u001b[39m=\u001b[32m\"2\"\u001b[39m\n                      \u001b[33mviewBox\u001b[39m=\u001b[32m\"0 0 24 24\"\u001b[39m\n                      \u001b[33mwidth\u001b[39m=\u001b[32m\"24\"\u001b[39m\n                      \u001b[33mxmlns\u001b[39m=\u001b[32m\"http://www.w3.org/2000/svg\"\u001b[39m\n                    \u001b[36m>\u001b[39m\n                      \u001b[36m<polygon\u001b[39m\n                        \u001b[33mpoints\u001b[39m=\u001b[32m\"3 11 22 2 13 21 11 13 3 11\"\u001b[39m\n                      \u001b[36m/>\u001b[39m\n                    \u001b[36m</svg>\u001b[39m\n                    \u001b[0mPlan your ride\u001b[0m\n                  \u001b[36m</h2>\u001b[39m\n                  \u001b[36m<p\u001b[39m\n                    \u001b[33mclass\u001b[39m=\u001b[32m\"text-xs text-[var(--color-text-tertiary)] mt-1\"\u001b[39m\n                  \u001b[36m>\u001b[39m\n                    \u001b[0mPick terminal route first, then pickup stage.\u001b[0m\n                  \u001b[36m</p>\u001b[39m\n                \u001b[36m</div>\u001b[39m\n              \u001b[36m</div>\u001b[39m\n              \u001b[36m<div\u001b[39m\n                \u001b[33mclass\u001b[39m=\u001b[32m\"space-y-4\"\u001b[39m\n              \u001b[36m>\u001b[39m\n                \u001b[36m<div\u001b[39m\n                  \u001b[33mclass\u001b[39m=\u001b[32m\"flex flex-col gap-3\"\u001b[39m\n                \u001b[36m>\u001b[39m\n                  \u001b[36m<button\u001b[39m\n                    \u001b[33mclass\u001b[39m=\u001b[32m\"w-full flex items-center justify-between p-3 rounded-[var(--radius-md)] bg-[var(--color-bg-body)] border border-[var(--color-line)] hover:border-[var(--color-accent-soft)] transition-colors text-left\"\u001b[39m\n                    \u001b[33mtype\u001b[39m=\u001b[32m\"button\"\u001b[39m\n                  \u001b[36m>\u001b[39m\n                    \u001b[36m<div\u001b[39m\n                      \u001b[33mclass\u001b[39m=\u001b[32m\"flex items-center gap-3 overflow-hidden\"\u001b[39m\n                    \u001b[36m>\u001b[39m\n                      \u001b[36m<div\u001b[39m\n                        \u001b[33mclass\u001b[39m=\u001b[32m\"w-2 h-2 rounded-full shrink-0 bg-[var(--color-accent)] ml-1 mr-1\"\u001b[39m\n                      \u001b[36m/>\u001b[39m\n                      \u001b[36m<span\u001b[39m\n                        \u001b[33mclass\u001b[39m=\u001b[32m\"truncate text-[var(--color-text-tertiary)]\"\u001b[39m\n                      \u001b[36m>\u001b[39m\n                        \u001b[0m1. Route / headed to\u001b[0m\n                      \u001b[36m</span>\u001b[39m\n                    \u001b[36m</div>\u001b[39m\n                    \u001b[36m<svg\u001b[39m\n                      \u001b[33maria-hidden\u001b[39m=\u001b[32m\"true\"\u001b[39m\n                      \u001b[33mclass\u001b[39m=\u001b[32m\"lucide lucide-chevron-down w-4 h-4 shrink-0 text-[var(--color-text-tertiary)]\"\u001b[39m\n                      \u001b[33mfill\u001b[39m=\u001b[32m\"none\"\u001b[39m\n                      \u001b[33mheight\u001b[39m=\u001b[32m\"24\"\u001b[39m\n                      \u001b[33mstroke\u001b[39m=\u001b[32m\"currentColor\"\u001b[39m\n                      \u001b[33mstroke-linecap\u001b[39m=\u001b[32m\"round\"\u001b[39m\n                      \u001b[33mstroke-linejoin\u001b[39m=\u001b[32m\"round\"\u001b[39m\n                      \u001b[33mstroke-width\u001b[39m=\u001b[32m\"2\"\u001b[39m\n                      \u001b[33mviewBox\u001b[39m=\u001b[32m\"0 0 24 24\"\u001b[39m\n                      \u001b[33mwidth\u001b[39m=\u001b[32m\"24\"\u001b[39m\n                      \u001b[33mxmlns\u001b[39m=\u001b[32m\"http://www.w3.org/2000/svg\"\u001b[39m\n                    \u001b[36m>\u001b[39m\n                      \u001b[36m<path\u001b[39m\n                        \u001b[33md\u001b[39m=\u001b[32m\"m6 9 6 6 6-6\"\u001b[39m\n                      \u001b[36m/>\u001b[39m\n                    \u001b[36m</svg>\u001b[39m\n                  \u001b[36m</button>\u001b[39m\n                  \u001b[36m<button\u001b[39m\n                    \u001b[33mclass\u001b[39m=\u001b[32m\"w-full flex items-center justify-between p-3 rounded-[var(--radius-md)] border transition-colors text-left bg-[var(--glass-bg)] border-[var(--color-line)] opacity-50 cursor-not-allowed\"\u001b[39m\n                    \u001b[33mdisabled\u001b[39m=\u001b[32m\"\"\u001b[39m\n                    \u001b[33mtype\u001b[39m=\u001b[32m\"button\"\u001b[39m\n                  \u001b[36m>\u001b[39m\n                    \u001b[36m<div\u001b[39m\n                      \u001b[33mclass\u001b[39m=\u001b[32m\"flex items-center gap-3 overflow-hidden\"\u001b[39m\n                    \u001b[36m>\u001b[39m\n                      \u001b[36m<svg\u001b[39m\n                        \u001b[33maria-hidden\u001b[39m=\u001b[32m\"true\"\u001b[39m\n                        \u001b[33mclass\u001b[39m=\u001b[32m\"lucide lucide-map-pin w-4 h-4 shrink-0 text-[var(--color-text-tertiary)]\"\u001b[39m\n                        \u001b[33mfill\u001b[39m=\u001b[32m\"none\"\u001b[39m\n                        \u001b[33mheight\u001b[39m=\u001b[32m\"24\"\u001b[39m\n                        \u001b[33mstroke\u001b[39m=\u001b[32m\"currentColor\"\u001b[39m\n                        \u001b[33mstroke-linecap\u001b[39m=\u001b[32m\"round\"\u001b[39m\n                        \u001b[33mstroke-linejoin\u001b[39m=\u001b[32m\"round\"\u001b[39m\n                        \u001b[33mstroke-width\u001b[39m=\u001b[32m\"2\"\u001b[39m\n                        \u001b[33mviewBox\u001b[39m=\u001b[32m\"0 0 24 24\"\u001b[39m\n                        \u001b[33mwidth\u001b[39m=\u001b[32m\"24\"\u001b[39m\n                        \u001b[33mxmlns\u001b[39m=\u001b[32m\"http://www.w3.org/2000/svg\"\u001b[39m\n                      \u001b[36m>\u001b[39m\n                        \u001b[36m<path\u001b[39m\n                          \u001b[33md\u001b[39m=\u001b[32m\"M20 10c0 4.993-5.539 10.193-7.399 11.799a1 1 0 0 1-1.202 0C9.539 20.193 4 14.993 4 10a8 8 0 0 1 16 0\"\u001b...\n    at Proxy.<anonymous> (file:///D:/Projects/Personal/Nganya%20Transit/node_modules/@vitest/expect/dist/index.js:1335:10)\n    at Proxy.<anonymous> (file:///D:/Projects/Personal/Nganya%20Transit/node_modules/@vitest/expect/dist/index.js:1029:14)\n    at Proxy.methodWrapper (file:///D:/Projects/Personal/Nganya%20Transit/node_modules/chai/index.js:1686:25)\n    at timeout (D:\\Projects\\Personal\\Nganya Transit\\src\\__tests__\\preservation-properties.test.tsx:503:48)\n    at runWithExpensiveErrorDiagnosticsDisabled (D:\\Projects\\Personal\\Nganya Transit\\node_modules\\@testing-library\\dom\\dist\\config.js:47:12)\n    at checkCallback (D:\\Projects\\Personal\\Nganya Transit\\node_modules\\@testing-library\\dom\\dist\\wait-for.js:124:77)\n    at Timeout.checkRealTimersCallback (D:\\Projects\\Personal\\Nganya Transit\\node_modules\\@testing-library\\dom\\dist\\wait-for.js:118:16)\n    at listOnTimeout (node:internal/timers:588:17)\n    at processTimers (node:internal/timers:523:7)"],"meta":{}},{"ancestorTitles":["Preservation Property Tests","2.5 Test error handling preservation"],"fullName":"Preservation Property Tests 2.5 Test error handling preservation should preserve error handling in Fan screens","status":"failed","title":"should preserve error handling in Fan screens","duration":3039.5445999999974,"failureMessages":["AssertionError: expected \"getCorridors\" to be called at least once\n\nIgnored nodes: comments, script, style\n\u001b[36m<html>\u001b[39m\n  \u001b[36m<head />\u001b[39m\n  \u001b[36m<body>\u001b[39m\n    \u001b[36m<div>\u001b[39m\n      \u001b[36m<div\u001b[39m\n        \u001b[33mclass\u001b[39m=\u001b[32m\"page-container py-8 md:py-10 space-y-10 md:space-y-12\"\u001b[39m\n      \u001b[36m>\u001b[39m\n        \u001b[36m<section\u001b[39m\n          \u001b[33mclass\u001b[39m=\u001b[32m\"space-y-2\"\u001b[39m\n        \u001b[36m>\u001b[39m\n          \u001b[36m<p\u001b[39m\n            \u001b[33mclass\u001b[39m=\u001b[32m\"text-tag text-[var(--color-accent)]\"\u001b[39m\n          \u001b[36m>\u001b[39m\n            \u001b[0mNairobi Streets\u001b[0m\n          \u001b[36m</p>\u001b[39m\n          \u001b[36m<h1\u001b[39m\n            \u001b[33mclass\u001b[39m=\u001b[32m\"text-h1\"\u001b[39m\n          \u001b[36m>\u001b[39m\n            \u001b[0mPlan fast, catch faster\u001b[0m\n          \u001b[36m</h1>\u001b[39m\n          \u001b[36m<p\u001b[39m\n            \u001b[33mclass\u001b[39m=\u001b[32m\"text-body text-[var(--color-text-secondary)] max-w-2xl\"\u001b[39m\n          \u001b[36m>\u001b[39m\n            \u001b[0mChoose terminal route, pickup stage, and optionally your nganya. Everything below syncs to your selected route.\u001b[0m\n          \u001b[36m</p>\u001b[39m\n        \u001b[36m</section>\u001b[39m\n        \u001b[36m<section\u001b[39m\n          \u001b[33mclass\u001b[39m=\u001b[32m\"grid grid-cols-1 lg:grid-cols-12 gap-5 md:gap-6 items-start\"\u001b[39m\n        \u001b[36m>\u001b[39m\n          \u001b[36m<div\u001b[39m\n            \u001b[33mclass\u001b[39m=\u001b[32m\"lg:col-span-4 lg:sticky lg:top-[84px] space-y-3\"\u001b[39m\n          \u001b[36m>\u001b[39m\n            \u001b[36m<div\u001b[39m\n              \u001b[33mclass\u001b[39m=\u001b[32m\"bg-[var(--glass-bg)] border border-[var(--glass-border)] rounded-[var(--radius-xl)] p-4 md:p-6 shadow-sm\"\u001b[39m\n            \u001b[36m>\u001b[39m\n              \u001b[36m<div\u001b[39m\n                \u001b[33mclass\u001b[39m=\u001b[32m\"flex items-start justify-between gap-3 mb-4\"\u001b[39m\n              \u001b[36m>\u001b[39m\n                \u001b[36m<div>\u001b[39m\n                  \u001b[36m<h2\u001b[39m\n                    \u001b[33mclass\u001b[39m=\u001b[32m\"text-h3 flex items-center gap-2\"\u001b[39m\n                  \u001b[36m>\u001b[39m\n                    \u001b[36m<svg\u001b[39m\n                      \u001b[33maria-hidden\u001b[39m=\u001b[32m\"true\"\u001b[39m\n                      \u001b[33mclass\u001b[39m=\u001b[32m\"lucide lucide-navigation w-5 h-5 text-[var(--color-accent)]\"\u001b[39m\n                      \u001b[33mfill\u001b[39m=\u001b[32m\"none\"\u001b[39m\n                      \u001b[33mheight\u001b[39m=\u001b[32m\"24\"\u001b[39m\n                      \u001b[33mstroke\u001b[39m=\u001b[32m\"currentColor\"\u001b[39m\n                      \u001b[33mstroke-linecap\u001b[39m=\u001b[32m\"round\"\u001b[39m\n                      \u001b[33mstroke-linejoin\u001b[39m=\u001b[32m\"round\"\u001b[39m\n                      \u001b[33mstroke-width\u001b[39m=\u001b[32m\"2\"\u001b[39m\n                      \u001b[33mviewBox\u001b[39m=\u001b[32m\"0 0 24 24\"\u001b[39m\n                      \u001b[33mwidth\u001b[39m=\u001b[32m\"24\"\u001b[39m\n                      \u001b[33mxmlns\u001b[39m=\u001b[32m\"http://www.w3.org/2000/svg\"\u001b[39m\n                    \u001b[36m>\u001b[39m\n                      \u001b[36m<polygon\u001b[39m\n                        \u001b[33mpoints\u001b[39m=\u001b[32m\"3 11 22 2 13 21 11 13 3 11\"\u001b[39m\n                      \u001b[36m/>\u001b[39m\n                    \u001b[36m</svg>\u001b[39m\n                    \u001b[0mPlan your ride\u001b[0m\n                  \u001b[36m</h2>\u001b[39m\n                  \u001b[36m<p\u001b[39m\n                    \u001b[33mclass\u001b[39m=\u001b[32m\"text-xs text-[var(--color-text-tertiary)] mt-1\"\u001b[39m\n                  \u001b[36m>\u001b[39m\n                    \u001b[0mPick terminal route first, then pickup stage.\u001b[0m\n                  \u001b[36m</p>\u001b[39m\n                \u001b[36m</div>\u001b[39m\n              \u001b[36m</div>\u001b[39m\n              \u001b[36m<div\u001b[39m\n                \u001b[33mclass\u001b[39m=\u001b[32m\"space-y-4\"\u001b[39m\n              \u001b[36m>\u001b[39m\n                \u001b[36m<div\u001b[39m\n                  \u001b[33mclass\u001b[39m=\u001b[32m\"flex flex-col gap-3\"\u001b[39m\n                \u001b[36m>\u001b[39m\n                  \u001b[36m<button\u001b[39m\n                    \u001b[33mclass\u001b[39m=\u001b[32m\"w-full flex items-center justify-between p-3 rounded-[var(--radius-md)] bg-[var(--color-bg-body)] border border-[var(--color-line)] hover:border-[var(--color-accent-soft)] transition-colors text-left\"\u001b[39m\n                    \u001b[33mtype\u001b[39m=\u001b[32m\"button\"\u001b[39m\n                  \u001b[36m>\u001b[39m\n                    \u001b[36m<div\u001b[39m\n                      \u001b[33mclass\u001b[39m=\u001b[32m\"flex items-center gap-3 overflow-hidden\"\u001b[39m\n                    \u001b[36m>\u001b[39m\n                      \u001b[36m<div\u001b[39m\n                        \u001b[33mclass\u001b[39m=\u001b[32m\"w-2 h-2 rounded-full shrink-0 bg-[var(--color-accent)] ml-1 mr-1\"\u001b[39m\n                      \u001b[36m/>\u001b[39m\n                      \u001b[36m<span\u001b[39m\n                        \u001b[33mclass\u001b[39m=\u001b[32m\"truncate text-[var(--color-text-tertiary)]\"\u001b[39m\n                      \u001b[36m>\u001b[39m\n                        \u001b[0m1. Route / headed to\u001b[0m\n                      \u001b[3
[...]
uest deduplication should deduplicate concurrent fetchLiveNganyas requests","status":"passed","title":"should deduplicate concurrent fetchLiveNganyas requests","duration":107.63560000000007,"failureMessages":[],"meta":{}},{"ancestorTitles":["useNganyaStore","Request deduplication"],"fullName":"useNganyaStore Request deduplication should not deduplicate requests with different search terms","status":"passed","title":"should not deduplicate requests with different search terms","duration":6.528200000000197,"failureMessages":[],"meta":{}},{"ancestorTitles":["useNganyaStore","Cache invalidation"],"fullName":"useNganyaStore Cache invalidation should invalidate nganyas cache","status":"passed","title":"should invalidate nganyas cache","duration":0.7658999999998741,"failureMessages":[],"meta":{}},{"ancestorTitles":["useNganyaStore","Cache invalidation"],"fullName":"useNganyaStore Cache invalidation should invalidate corridors cache","status":"passed","title":"should invalidate corridors cache","duration":0.4293000000002394,"failureMessages":[],"meta":{}},{"ancestorTitles":["useNganyaStore","Cache invalidation"],"fullName":"useNganyaStore Cache invalidation should invalidate live nganyas cache","status":"passed","title":"should invalidate live nganyas cache","duration":0.36389999999983047,"failureMessages":[],"meta":{}},{"ancestorTitles":["useNganyaStore","Cache invalidation"],"fullName":"useNganyaStore Cache invalidation should invalidate all caches","status":"passed","title":"should invalidate all caches","duration":0.7937999999999192,"failureMessages":[],"meta":{}},{"ancestorTitles":["useNganyaStore","Error handling"],"fullName":"useNganyaStore Error handling should handle fetchNganyas errors","status":"passed","title":"should handle fetchNganyas errors","duration":3.9088000000001557,"failureMessages":[],"meta":{}},{"ancestorTitles":["useNganyaStore","Error handling"],"fullName":"useNganyaStore Error handling should handle fetchCorridors errors","status":"passed","title":"should handle fetchCorridors errors","duration":1.4773000000000138,"failureMessages":[],"meta":{}},{"ancestorTitles":["useNganyaStore","Error handling"],"fullName":"useNganyaStore Error handling should keep stale data on background fetch error","status":"passed","title":"should keep stale data on background fetch error","duration":107.65670000000046,"failureMessages":[],"meta":{}}],"startTime":1774681892565,"endTime":1774681893023.6567,"status":"passed","message":"","name":"D:/Projects/Personal/Nganya Transit/src/stores/__tests__/useNganyaStore.test.ts"},{"assertionResults":[{"ancestorTitles":["useProfileStore","TTL-based freshness checks"],"fullName":"useProfileStore TTL-based freshness checks should return true for isStale when lastFetchedAt is null","status":"passed","title":"should return true for isStale when lastFetchedAt is null","duration":4.473100000000159,"failureMessages":[],"meta":{}},{"ancestorTitles":["useProfileStore","TTL-based freshness checks"],"fullName":"useProfileStore TTL-based freshness checks should return false for isStale when data is fresh (within 60s TTL)","status":"passed","title":"should return false for isStale when data is fresh (within 60s TTL)","duration":0.896900000000187,"failureMessages":[],"meta":{}},{"ancestorTitles":["useProfileStore","TTL-based freshness checks"],"fullName":"useProfileStore TTL-based freshness checks should return true for isStale when data is stale (beyond 60s TTL)","status":"passed","title":"should return true for isStale when data is stale (beyond 60s TTL)","duration":0.5489000000002306,"failureMessages":[],"meta":{}},{"ancestorTitles":["useProfileStore","Stale-while-revalidate pattern"],"fullName":"useProfileStore Stale-while-revalidate pattern should return cached profile immediately when fresh","status":"passed","title":"should return cached profile immediately when fresh","duration":3.6685999999999694,"failureMessages":[],"meta":{}},{"ancestorTitles":["useProfileStore","Stale-while-revalidate pattern"],"fullName":"useProfileStore Stale-while-revalidate pattern should return stale profile immediately and fetch in background when stale","status":"passed","title":"should return stale profile immediately and fetch in background when stale","duration":68.13229999999976,"failureMessages":[],"meta":{}},{"ancestorTitles":["useProfileStore","Stale-while-revalidate pattern"],"fullName":"useProfileStore Stale-while-revalidate pattern should fetch fresh profile when no cache exists","status":"passed","title":"should fetch fresh profile when no cache exists","duration":2.459900000000289,"failureMessages":[],"meta":{}},{"ancestorTitles":["useProfileStore","Optimistic updates"],"fullName":"useProfileStore Optimistic updates should optimistically update profile","status":"passed","title":"should optimistically update profile","duration":1.590900000000147,"failureMessages":[],"meta":{}},{"ancestorTitles":["useProfileStore","Optimistic updates"],"fullName":"useProfileStore Optimistic updates should rollback optimistic update on error","status":"passed","title":"should rollback optimistic update on error","duration":3.089100000000144,"failureMessages":[],"meta":{}},{"ancestorTitles":["useProfileStore","Optimistic updates"],"fullName":"useProfileStore Optimistic updates should handle partial updates","status":"passed","title":"should handle partial updates","duration":1.0102999999999156,"failureMessages":[],"meta":{}},{"ancestorTitles":["useProfileStore","Cache invalidation"],"fullName":"useProfileStore Cache invalidation should invalidate cache","status":"passed","title":"should invalidate cache","duration":0.38510000000042055,"failureMessages":[],"meta":{}},{"ancestorTitles":["useProfileStore","Error handling"],"fullName":"useProfileStore Error handling should handle fetchProfile errors","status":"passed","title":"should handle fetchProfile errors","duration":1.010599999999613,"failureMessages":[],"meta":{}},{"ancestorTitles":["useProfileStore","Error handling"],"fullName":"useProfileStore Error handling should keep stale data on background fetch error","status":"passed","title":"should keep stale data on background fetch error","duration":100.6935999999996,"failureMessages":[],"meta":{}}],"startTime":1774681892535,"endTime":1774681892724.6936,"status":"passed","message":"","name":"D:/Projects/Personal/Nganya Transit/src/stores/__tests__/useProfileStore.test.ts"},{"assertionResults":[{"ancestorTitles":["useSightingStore","TTL-based freshness checks"],"fullName":"useSightingStore TTL-based freshness checks should return true for isUserSightingsStale when lastFetchedAt is null","status":"passed","title":"should return true for isUserSightingsStale when lastFetchedAt is null","duration":4.738699999999881,"failureMessages":[],"meta":{}},{"ancestorTitles":["useSightingStore","TTL-based freshness checks"],"fullName":"useSightingStore TTL-based freshness checks should return false for isUserSightingsStale when data is fresh (within 60s TTL)","status":"passed","title":"should return false for isUserSightingsStale when data is fresh (within 60s TTL)","duration":0.8716000000003987,"failureMessages":[],"meta":{}},{"ancestorTitles":["useSightingStore","TTL-based freshness checks"],"fullName":"useSightingStore TTL-based freshness checks should return true for isUserSightingsStale when data is stale (beyond 60s TTL)","status":"passed","title":"should return true for isUserSightingsStale when data is stale (beyond 60s TTL)","duration":0.514299999999821,"failureMessages":[],"meta":{}},{"ancestorTitles":["useSightingStore","TTL-based freshness checks"],"fullName":"useSightingStore TTL-based freshness checks should return false for isRecentSightingsStale when data is fresh (within 30s TTL)","status":"passed","title":"should return false for isRecentSightingsStale when data is fresh (within 30s TTL)","duration":0.729200000000219,"failureMessages":[],"meta":{}},{"ancestorTitles":["useSightingStore","TTL-based freshness checks"],"fullName":"useSightingStore TTL-based freshness checks should return true for isRecentSightingsStale when data is stale (beyond 30s TTL)","status":"passed","title":"should return true for isRecentSightingsStale when data is stale (beyond 30s TTL)","duration":0.5203999999998814,"failureMessages":[],"meta":{}},{"ancestorTitles":["useSightingStore","Stale-while-revalidate pattern"],"fullName":"useSightingStore Stale-while-revalidate pattern should return cached user sightings immediately when fresh","status":"passed","title":"should return cached user sightings immediately when fresh","duration":3.0999000000001615,"failureMessages":[],"meta":{}},{"ancestorTitles":["useSightingStore","Stale-while-revalidate pattern"],"fullName":"useSightingStore Stale-while-revalidate pattern should return stale user sightings immediately and fetch in background when stale","status":"passed","title":"should return stale user sightings immediately and fetch in background when stale","duration":2.8613000000000284,"failureMessages":[],"meta":{}},{"ancestorTitles":["useSightingStore","Stale-while-revalidate pattern"],"fullName":"useSightingStore Stale-while-revalidate pattern should fetch fresh user sightings when no cache exists","status":"passed","title":"should fetch fresh user sightings when no cache exists","duration":1.3989000000001397,"failureMessages":[],"meta":{}},{"ancestorTitles":["useSightingStore","Stale-while-revalidate pattern"],"fullName":"useSightingStore Stale-while-revalidate pattern should return stale recent sightings immediately and fetch in background when stale","status":"passed","title":"should return stale recent sightings immediately and fetch in background when stale","duration":1.89870000000019,"failureMessages":[],"meta":{}},{"ancestorTitles":["useSightingStore","Post sighting"],"fullName":"useSightingStore Post sighting should post sighting and invalidate caches","status":"passed","title":"should post sighting and invalidate caches","duration":3.653099999999995,"failureMessages":[],"meta":{}},{"ancestorTitles":["useSightingStore","Post sighting"],"fullName":"useSightingStore Post sighting should handle post sighting errors","status":"passed","title":"should handle post sighting errors","duration":4.801299999999628,"failureMessages":[],"meta":{}},{"ancestorTitles":["useSightingStore","Cache invalidation"],"fullName":"useSightingStore Cache invalidation should invalidate user sightings cache","status":"passed","title":"should invalidate user sightings cache","duration":0.512300000000323,"failureMessages":[],"meta":{}},{"ancestorTitles":["useSightingStore","Cache invalidation"],"fullName":"useSightingStore Cache invalidation should invalidate recent sightings cache","status":"passed","title":"should invalidate recent sightings cache","duration":0.4351000000001477,"failureMessages":[],"meta":{}},{"ancestorTitles":["useSightingStore","Error handling"],"fullName":"useSightingStore Error handling should handle fetchUserSightings errors","status":"passed","title":"should handle fetchUserSightings errors","duration":1.3052999999999884,"failureMessages":[],"meta":{}},{"ancestorTitles":["useSightingStore","Error handling"],"fullName":"useSightingStore Error handling should handle fetchRecentSightings errors","status":"passed","title":"should handle fetchRecentSightings errors","duration":1.167699999999968,"failureMessages":[],"meta":{}},{"ancestorTitles":["useSightingStore","Error handling"],"fullName":"useSightingStore Error handling should keep stale data on background fetch error","status":"passed","title":"should keep stale data on background fetch error","duration":110.34830000000011,"failureMessages":[],"meta":{}}],"startTime":1774681892534,"endTime":1774681892675.3484,"status":"passed","message":"","name":"D:/Projects/Personal/Nganya Transit/src/stores/__tests__/useSightingStore.test.ts"},{"assertionResults":[{"ancestorTitles":["Integration Tests - User Flows","Fan Flow: browse → discover → follow → profile"],"fullName":"Integration Tests - User Flows Fan Flow: browse → discover → follow → profile should verify fan flow integration with stores","status":"passed","title":"should verify fan flow integration with stores","duration":23.71140000000014,"failureMessages":[],"meta":{}},{"ancestorTitles":["Integration Tests - User Flows","Fan Flow: browse → discover → follow → profile"],"fullName":"Integration Tests - User Flows Fan Flow: browse → discover → follow → profile should share data between screens without duplicate requests","status":"passed","title":"should share data between screens without duplicate requests","duration":3.582300000000032,"failureMessages":[],"meta":{}},{"ancestorTitles":["Integration Tests - User Flows","Admin Flow: review registrations → approve → assign crew"],"fullName":"Integration Tests - User Flows Admin Flow: review registrations → approve → assign crew should verify admin store has required methods for admin flow","status":"passed","title":"should verify admin store has required methods for admin flow","duration":2.0604000000002998,"failureMessages":[],"meta":{}},{"ancestorTitles":["Integration Tests - User Flows","Crew Flow: bootstrap → live session → end session"],"fullName":"Integration Tests - User Flows Crew Flow: bootstrap → live session → end session should verify crew store has required methods for crew flow","status":"passed","title":"should verify crew store has required methods for crew flow","duration":0.6563000000005559,"failureMessages":[],"meta":{}},{"ancestorTitles":["Integration Tests - User Flows","Crew Flow: bootstrap → live session → end session"],"fullName":"Integration Tests - User Flows Crew Flow: bootstrap → live session → end session should validate bootstrap schema and reject invalid cache","status":"passed","title":"should validate bootstrap schema and reject invalid cache","duration":0.8691000000007989,"failureMessages":[],"meta":{}},{"ancestorTitles":["Integration Tests - User Flows","RBAC Flow: unauthenticated → signin → role resolution → redirect"],"fullName":"Integration Tests - User Flows RBAC Flow: unauthenticated → signin → role resolution → redirect should resolve role and handle authentication flow","status":"passed","title":"should resolve role and handle authentication flow","duration":107.95370000000003,"failureMessages":[],"meta":{}},{"ancestorTitles":["Integration Tests - User Flows","RBAC Flow: unauthenticated → signin → role resolution → redirect"],"fullName":"Integration Tests - User Flows RBAC Flow: unauthenticated → signin → role resolution → redirect should deduplicate concurrent role resolution requests","status":"passed","title":"should deduplicate concurrent role resolution requests","duration":101.76839999999993,"failureMessages":[],"meta":{}},{"ancestorTitles":["Integration Tests - User Flows","Cross-module data sharing"],"fullName":"Integration Tests - User Flows Cross-module data sharing should verify stores can interact for cross-module data sharing","status":"passed","title":"should verify stores can interact for cross-module data sharing","duration":0.6364999999996144,"failureMessages":[],"meta":{}},{"ancestorTitles":["Integration Tests - User Flows","Stale-while-revalidate pattern"],"fullName":"Integration Tests - User Flows Stale-while-revalidate pattern should return stale data immediately while fetching fresh data in background","status":"passed","title":"should return stale data immediately while fetching fresh data in background","duration":105.29950000000008,"failureMessages":[],"meta":{}},{"ancestorTitles":["Integration Tests - User Flows","Optimistic updates"],"fullName":"Integration Tests - User Flows Optimistic updates should update UI immediately for follow/unfollow actions","status":"passed","title":"should update UI immediately for follow/unfollow actions","duration":108.9369000000006,"failureMessages":[],"meta":{}},{"ancestorTitles":["Integration Tests - User Flows","Optimistic updates"],"fullName":"Integration Tests - User Flows Optimistic updates should rollback optimistic update on error","status":"passed","title":"should rollback optimistic update on error","duration":1.1040000000002692,"failureMessages":[],"meta":{}},{"ancestorTitles":["Integration Tests - User Flows","Store integration and data flow"],"fullName":"Integration Tests - User Flows Store integration and data flow should verify all stores are properly integrated","status":"passed","title":"should verify all stores are properly integrated","duration":0.8049000000000888,"failureMessages":[],"meta":{}}],"startTime":1774681893476,"endTime":1774681893934.805,"status":"passed","message":"","name":"D:/Projects/Personal/Nganya Transit/src/__tests__/integration/user-flows.test.tsx"},{"assertionResults":[{"ancestorTitles":["Performance Testing - State Management Migration","Network Request Reduction"],"fullName":"Performance Testing - State Management Migration Network Request Reduction should eliminate duplicate requests across multiple screen mounts","status":"passed","title":"should eliminate duplicate requests across multiple screen mounts","duration":68.40149999999994,"failureMessages":[],"meta":{}},{"ancestorTitles":["Performance Testing - State Management Migration","Network Request Reduction"],"fullName":"Performance Testing - State Management Migration Network Request Reduction should measure network requests for sequential screen navigation","status":"passed","title":"should measure network requests for sequential screen navigation","duration":5.195299999999406,"failureMessages":[],"meta":{}},{"ancestorTitles":["Performance Testing - State Management Migration","Cache Hit Rate Measurement"],"fullName":"Performance Testing - State Management Migration Cache Hit Rate Measurement should measure cache hit rates for nganya store","status":"passed","title":"should measure cache hit rates for nganya store","duration":231.07980000000043,"failureMessages":[],"meta":{}},{"ancestorTitles":["Performance Testing - State Management Migration","Cache Hit Rate Measurement"],"fullName":"Performance Testing - State Management Migration Cache Hit Rate Measurement should measure cache hit rates for auth store (RBAC)","status":"passed","title":"should measure cache hit rates for auth store (RBAC)","duration":283.39339999999993,"failureMessages":[],"meta":{}},{"ancestorTitles":["Performance Testing - State Management Migration","Loading Time Improvements"],"fullName":"Performance Testing - State Management Migration Loading Time Improvements should measure loading time improvements with caching","status":"passed","title":"should measure loading time improvements with caching","duration":107.26429999999982,"failureMessages":[],"meta":{}},{"ancestorTitles":["Performance Testing - State Management Migration","Loading Time Improvements"],"fullName":"Performance Testing - State Management Migration Loading Time Improvements should measure stale-while-revalidate performance","status":"passed","title":"should measure stale-while-revalidate performance","duration":265.7977000000001,"failureMessages":[],"meta":{}},{"ancestorTitles":["Performance Testing - State Management Migration","Optimistic Update Performance"],"fullName":"Performance Testing - State Management Migration Optimistic Update Performance should measure optimistic update performance for follow actions","status":"passed","title":"should measure optimistic update performance for follow actions","duration":208.77129999999943,"failureMessages":[],"meta":{}},{"ancestorTitles":["Performance Testing - State Management Migration","Performance Summary"],"fullName":"Performance Testing - State Management Migration Performance Summary should generate comprehensive performance report","status":"passed","title":"should generate comprehensive performance report","duration":197.65319999999974,"failureMessages":[],"meta":{}}],"startTime":1774681892962,"endTime":1774681894330.6533,"status":"passed","message":"","name":"D:/Projects/Personal/Nganya Transit/src/__tests__/performance/performance-metrics.test.ts"}]}